Collect Inputs...
Data Directory: ../cloud/combined_result_5class.h5
Batch Size: 128
Learning rate: 0.1
Max Number of Epochs: 10
Initialize Process Group...
Collect Inputs...
Data Directory: ../cloud/combined_result_5class.h5
Batch Size: 128
Learning rate: 0.1
Max Number of Epochs: 10
Initialize Process Group...
Collect Inputs...
Data Directory: ../cloud/combined_result_5class.h5
Batch Size: 128
Learning rate: 0.1
Max Number of Epochs: 10
Initialize Process Group...
Collect Inputs...
Data Directory: ../cloud/combined_result_5class.h5
Batch Size: 128
Learning rate: 0.1
Max Number of Epochs: 10
Initialize Process Group...
Initialize Model...
Initialize Model...
Initialize Model...
Initialize Model...
Initialize Dataloaders...
Initialize Dataloaders...
Initialize Dataloaders...
Initialize Dataloaders...
Training...
Self.net.train:  2.1457672119140625e-06
Training...
Self.net.train:  5.0067901611328125e-06
Training...
Self.net.train:  5.0067901611328125e-06
Training...
Self.net.train:  1.9073486328125e-06
Iter 2000, Train Loss: 0.254465
Iter 2000, Train Loss: 0.254752
Iter 2000, Train Loss: 0.254218
Iter 2000, Train Loss: 0.254377
Iter 4000, Train Loss: 0.254381
Iter 4000, Train Loss: 0.254821
Iter 4000, Train Loss: 0.254640
Iter 4000, Train Loss: 0.254211
Iter 6000, Train Loss: 0.254286
Iter 6000, Train Loss: 0.254734
Iter 6000, Train Loss: 0.254766
Iter 6000, Train Loss: 0.254221
Iter 8000, Train Loss: 0.254528
Iter 8000, Train Loss: 0.254678
Iter 8000, Train Loss: 0.254800
Iter 8000, Train Loss: 0.254185
Iter 10000, Train Loss: 0.253239
Iter 10000, Train Loss: 0.253442
Iter 10000, Train Loss: 0.253555
Iter 10000, Train Loss: 0.253041
Iter 12000, Train Loss: 0.242555
Iter 12000, Train Loss: 0.242658
Iter 12000, Train Loss: 0.242692
Iter 12000, Train Loss: 0.242183
Iter 14000, Train Loss: 0.230719
Iter 14000, Train Loss: 0.230824
Iter 14000, Train Loss: 0.230798
Iter 14000, Train Loss: 0.230372
Iter 16000, Train Loss: 0.220875
Iter 16000, Train Loss: 0.220990
Iter 16000, Train Loss: 0.220891
Iter 16000, Train Loss: 0.220538
Iter 18000, Train Loss: 0.212836
Iter 18000, Train Loss: 0.213017
Iter 18000, Train Loss: 0.212837
Iter 18000, Train Loss: 0.212655
Forward Time : 94.61418843269348s
Loss Time:  7.9972779750823975 Backward Time:  154.7203724384308 Opti Time:  14.195756435394287
Update Time 347.94671988487244
Load Time 46.889976501464844
------------------------------------------
Train Time:  672.364453792572
Forward Time : 92.7550597190857s
Loss Time:  8.620128393173218 Backward Time:  162.97532653808594 Opti Time:  13.830164670944214
Update Time 338.0766689777374
Load Time 49.65662097930908
------------------------------------------
Train Time:  672.373055934906
Forward Time : 89.82183003425598s
Loss Time:  7.693671703338623 Backward Time:  155.4334635734558 Opti Time:  12.551277160644531
Update Time 354.1832206249237
Load Time 46.75583219528198
------------------------------------------
Train Time:  672.4013042449951
Forward Time : 92.06424927711487s
Loss Time:  8.109599351882935 Backward Time:  152.7578341960907 Opti Time:  13.801877975463867
Update Time 353.22290325164795
Load Time 46.429046392440796
------------------------------------------
Train Time:  672.2776565551758
Epoch: 1/10, train loss: 0.210654, test loss: 0.147217, test acc: 79.23%, test f1: 0.85. epoch time: 938.5563623905182
Self.net.train:  1.1920928955078125e-06
Epoch: 1/10, train loss: 0.210359, test loss: 0.147318, test acc: 79.20%, test f1: 0.85. epoch time: 949.7734634876251
Self.net.train:  1.1920928955078125e-06
Epoch: 1/10, train loss: 0.210222, test loss: 0.147456, test acc: 79.20%, test f1: 0.85. epoch time: 953.2842748165131
Self.net.train:  1.1920928955078125e-06
Epoch: 1/10, train loss: 0.210390, test loss: 0.147328, test acc: 79.22%, test f1: 0.85. epoch time: 955.8267209529877
Self.net.train:  2.1457672119140625e-06
Iter 2000, Train Loss: 0.145393
Iter 2000, Train Loss: 0.145741
Iter 2000, Train Loss: 0.145456
Iter 2000, Train Loss: 0.146072
Iter 4000, Train Loss: 0.145349
Iter 4000, Train Loss: 0.144399
Iter 4000, Train Loss: 0.144384
Iter 4000, Train Loss: 0.145236
Iter 6000, Train Loss: 0.144539
Iter 6000, Train Loss: 0.143896
Iter 6000, Train Loss: 0.143790
Iter 6000, Train Loss: 0.144277
Iter 8000, Train Loss: 0.143910
Iter 8000, Train Loss: 0.143387
Iter 8000, Train Loss: 0.143412
Iter 8000, Train Loss: 0.143627
Iter 10000, Train Loss: 0.143328
Iter 10000, Train Loss: 0.142937
Iter 10000, Train Loss: 0.143087
Iter 10000, Train Loss: 0.143253
Iter 12000, Train Loss: 0.142885
Iter 12000, Train Loss: 0.142518
Iter 12000, Train Loss: 0.142538
Iter 12000, Train Loss: 0.142699
Iter 14000, Train Loss: 0.142404
Iter 14000, Train Loss: 0.142032
Iter 14000, Train Loss: 0.142146
Iter 14000, Train Loss: 0.142224
Iter 16000, Train Loss: 0.141956
Iter 16000, Train Loss: 0.141664
Iter 16000, Train Loss: 0.141721
Iter 16000, Train Loss: 0.141806
Iter 18000, Train Loss: 0.141584
Iter 18000, Train Loss: 0.141402
Iter 18000, Train Loss: 0.141372
Iter 18000, Train Loss: 0.141602
Forward Time : 96.02708697319031s
Loss Time:  8.15889835357666 Backward Time:  156.06517457962036 Opti Time:  14.437811374664307
Update Time 359.1085247993469
Load Time 50.62715482711792
------------------------------------------
Train Time:  690.3790774345398
Forward Time : 93.65808081626892s
Loss Time:  8.240716218948364 Backward Time:  153.32378363609314 Opti Time:  14.093209505081177
Update Time 352.43303894996643
Load Time 47.46395564079285
------------------------------------------
Train Time:  675.0172865390778
Forward Time : 94.4196367263794s
Loss Time:  8.704533338546753 Backward Time:  163.19554805755615 Opti Time:  14.052835941314697
Update Time 335.89758563041687
Load Time 50.529651165008545
------------------------------------------
Train Time:  673.1718986034393
Forward Time : 90.85749578475952s
Loss Time:  7.768913507461548 Backward Time:  156.20142436027527 Opti Time:  12.74037504196167
Update Time 357.9899868965149
Load Time 47.730796813964844
------------------------------------------
Train Time:  679.3838663101196
Epoch: 2/10, train loss: 0.141222, test loss: 0.156613, test acc: 84.31%, test f1: 0.86. epoch time: 946.8465194702148
Self.net.train:  2.1457672119140625e-06
Epoch: 2/10, train loss: 0.141477, test loss: 0.156751, test acc: 84.34%, test f1: 0.86. epoch time: 943.5509359836578
Self.net.train:  3.0994415283203125e-06
Epoch: 2/10, train loss: 0.141451, test loss: 0.156685, test acc: 84.35%, test f1: 0.86. epoch time: 945.8981885910034
Self.net.train:  2.384185791015625e-06
Epoch: 2/10, train loss: 0.141370, test loss: 0.156498, test acc: 84.34%, test f1: 0.86. epoch time: 967.8959329128265
Self.net.train:  3.0994415283203125e-06
Iter 2000, Train Loss: 0.137324
Iter 2000, Train Loss: 0.137939
Iter 2000, Train Loss: 0.137705
Iter 2000, Train Loss: 0.138131
Iter 4000, Train Loss: 0.138062
Iter 4000, Train Loss: 0.137116
Iter 4000, Train Loss: 0.137249
Iter 4000, Train Loss: 0.137947
Iter 6000, Train Loss: 0.137735
Iter 6000, Train Loss: 0.137180
Iter 6000, Train Loss: 0.137125
Iter 6000, Train Loss: 0.137595
Iter 8000, Train Loss: 0.137501
Iter 8000, Train Loss: 0.137039
Iter 8000, Train Loss: 0.137136
Iter 8000, Train Loss: 0.137287
Iter 10000, Train Loss: 0.137289
Iter 10000, Train Loss: 0.136903
Iter 10000, Train Loss: 0.137171
Iter 10000, Train Loss: 0.137279
Iter 12000, Train Loss: 0.137153
Iter 12000, Train Loss: 0.136830
Iter 12000, Train Loss: 0.136910
Iter 12000, Train Loss: 0.137042
Iter 14000, Train Loss: 0.136923
Iter 14000, Train Loss: 0.136616
Iter 14000, Train Loss: 0.136742
Iter 14000, Train Loss: 0.136795
Iter 16000, Train Loss: 0.136713
Iter 16000, Train Loss: 0.136475
Iter 16000, Train Loss: 0.136570
Iter 16000, Train Loss: 0.136616
Iter 18000, Train Loss: 0.136532
Iter 18000, Train Loss: 0.136442
Iter 18000, Train Loss: 0.136424
Iter 18000, Train Loss: 0.136611
Forward Time : 98.5925407409668s
Loss Time:  8.736755609512329 Backward Time:  154.3847303390503 Opti Time:  14.898326396942139
Update Time 356.5727825164795
Load Time 49.66089367866516
------------------------------------------
Train Time:  689.2100546360016
Forward Time : 95.82646679878235s
Loss Time:  8.1675386428833 Backward Time:  158.55255126953125 Opti Time:  13.253026247024536
Update Time 357.9034569263458
Load Time 49.916391134262085
------------------------------------------
Train Time:  690.120255947113
Forward Time : 89.9945011138916s
Loss Time:  8.132890701293945 Backward Time:  163.49454951286316 Opti Time:  13.37366509437561
Update Time 353.87941789627075
Load Time 49.48133039474487
------------------------------------------
Train Time:  685.0839807987213
Forward Time : 103.02423596382141s
Loss Time:  8.98423719406128 Backward Time:  162.19728350639343 Opti Time:  15.489727258682251
Update Time 331.946165561676
Load Time 51.63347339630127
------------------------------------------
Train Time:  680.3589186668396
Epoch: 3/10, train loss: 0.136465, test loss: 0.161999, test acc: 85.67%, test f1: 0.86. epoch time: 949.4618465900421
Self.net.train:  2.86102294921875e-06
Epoch: 3/10, train loss: 0.136553, test loss: 0.162083, test acc: 85.65%, test f1: 0.86. epoch time: 958.142995595932
Self.net.train:  3.0994415283203125e-06
Epoch: 3/10, train loss: 0.136468, test loss: 0.161743, test acc: 85.67%, test f1: 0.86. epoch time: 952.4167251586914
Self.net.train:  3.337860107421875e-06
Epoch: 3/10, train loss: 0.136334, test loss: 0.161936, test acc: 85.63%, test f1: 0.86. epoch time: 964.3397598266602
Self.net.train:  4.5299530029296875e-06
Iter 2000, Train Loss: 0.134184
Iter 2000, Train Loss: 0.134907
Iter 2000, Train Loss: 0.134540
Iter 2000, Train Loss: 0.134909
Iter 4000, Train Loss: 0.135023
Iter 4000, Train Loss: 0.134204
Iter 4000, Train Loss: 0.134142
Iter 4000, Train Loss: 0.134963
Iter 6000, Train Loss: 0.134796
Iter 6000, Train Loss: 0.134324
Iter 6000, Train Loss: 0.134096
Iter 6000, Train Loss: 0.134722
Iter 8000, Train Loss: 0.134606
Iter 8000, Train Loss: 0.134270
Iter 8000, Train Loss: 0.134213
Iter 8000, Train Loss: 0.134474
Iter 10000, Train Loss: 0.134451
Iter 10000, Train Loss: 0.134177
Iter 10000, Train Loss: 0.134322
Iter 10000, Train Loss: 0.134534
Iter 12000, Train Loss: 0.134397
Iter 12000, Train Loss: 0.134143
Iter 12000, Train Loss: 0.134118
Iter 12000, Train Loss: 0.134342
Iter 14000, Train Loss: 0.134249
Iter 14000, Train Loss: 0.133984
Iter 14000, Train Loss: 0.134028
Iter 14000, Train Loss: 0.134145
Iter 16000, Train Loss: 0.134100
Iter 16000, Train Loss: 0.133890
Iter 16000, Train Loss: 0.133930
Iter 16000, Train Loss: 0.134016
Iter 18000, Train Loss: 0.133980
Iter 18000, Train Loss: 0.133897
Iter 18000, Train Loss: 0.133843
Iter 18000, Train Loss: 0.134038
Forward Time : 88.89498043060303s
Loss Time:  7.580862998962402 Backward Time:  155.16041111946106 Opti Time:  12.620380640029907
Update Time 353.79572343826294
Load Time 47.15722131729126
------------------------------------------
Train Time:  671.4231061935425
Forward Time : 92.97337913513184s
Loss Time:  8.118722915649414 Backward Time:  150.40770316123962 Opti Time:  13.969648838043213
Update Time 359.44021701812744
Load Time 45.61107301712036
------------------------------------------
Train Time:  676.7876164913177
Forward Time : 95.04470157623291s
Loss Time:  8.004299879074097 Backward Time:  152.25953912734985 Opti Time:  14.225129842758179
Update Time 350.60213017463684
Load Time 47.026227712631226
------------------------------------------
Train Time:  673.57785820961
Forward Time : 93.35170388221741s
Loss Time:  8.52228569984436 Backward Time:  161.825941324234 Opti Time:  13.547559976577759
Update Time 345.6523404121399
Load Time 51.568413972854614
------------------------------------------
Train Time:  681.385764837265
Epoch: 4/10, train loss: 0.133934, test loss: 0.170320, test acc: 86.98%, test f1: 0.87. epoch time: 938.6945071220398
Epoch: 4/10, train loss: 0.133993, test loss: 0.170631, test acc: 86.95%, test f1: 0.87. epoch time: 941.9624626636505
Self.net.train:  2.6226043701171875e-06
Self.net.train:  2.6226043701171875e-06
Epoch: 4/10, train loss: 0.133770, test loss: 0.170518, test acc: 86.94%, test f1: 0.87. epoch time: 937.0203719139099
Self.net.train:  2.6226043701171875e-06
Epoch: 4/10, train loss: 0.133929, test loss: 0.170613, test acc: 86.96%, test f1: 0.87. epoch time: 953.5486567020416
Self.net.train:  3.337860107421875e-06
Iter 2000, Train Loss: 0.132123
Iter 2000, Train Loss: 0.132861
Iter 2000, Train Loss: 0.132498
Iter 2000, Train Loss: 0.132779
Iter 4000, Train Loss: 0.133019
Iter 4000, Train Loss: 0.132182
Iter 4000, Train Loss: 0.132087
Iter 4000, Train Loss: 0.133020
Iter 6000, Train Loss: 0.132807
Iter 6000, Train Loss: 0.132332
Iter 6000, Train Loss: 0.132104
Iter 6000, Train Loss: 0.132808
Iter 8000, Train Loss: 0.132675
Iter 8000, Train Loss: 0.132283
Iter 8000, Train Loss: 0.132244
Iter 8000, Train Loss: 0.132598
Iter 10000, Train Loss: 0.132546
Iter 10000, Train Loss: 0.132220
Iter 10000, Train Loss: 0.132396
Iter 10000, Train Loss: 0.132659
Iter 12000, Train Loss: 0.132514
Iter 12000, Train Loss: 0.132244
Iter 12000, Train Loss: 0.132227
Iter 12000, Train Loss: 0.132491
Iter 14000, Train Loss: 0.132417
Iter 14000, Train Loss: 0.132092
Iter 14000, Train Loss: 0.132148
Iter 14000, Train Loss: 0.132322
Iter 16000, Train Loss: 0.132292
Iter 16000, Train Loss: 0.132022
Iter 16000, Train Loss: 0.132075
Iter 16000, Train Loss: 0.132203
Iter 18000, Train Loss: 0.132207
Iter 18000, Train Loss: 0.132076
Iter 18000, Train Loss: 0.132024
Iter 18000, Train Loss: 0.132254
Forward Time : 92.87242841720581s
Loss Time:  8.130425453186035 Backward Time:  153.2066729068756 Opti Time:  13.887744426727295
Update Time 356.8036298751831
Load Time 47.34618163108826
------------------------------------------
Train Time:  677.9930925369263
Forward Time : 92.62818884849548s
Loss Time:  8.40851879119873 Backward Time:  163.44969058036804 Opti Time:  13.656107187271118
Update Time 336.5328347682953
Load Time 49.918288230895996
------------------------------------------
Train Time:  670.9375495910645
Forward Time : 90.16918325424194s
Loss Time:  7.6943018436431885 Backward Time:  156.3629937171936 Opti Time:  12.76849102973938
Update Time 356.5626266002655
Load Time 48.23860716819763
------------------------------------------
Train Time:  677.7323024272919
Forward Time : 95.96662020683289s
Loss Time:  8.129913091659546 Backward Time:  156.7006962299347 Opti Time:  14.406090259552002
Update Time 346.89131116867065
Load Time 49.92657923698425
------------------------------------------
Train Time:  678.1181991100311
Epoch: 5/10, train loss: 0.131959, test loss: 0.177898, test acc: 87.48%, test f1: 0.87. epoch time: 943.6421678066254
Self.net.train:  3.0994415283203125e-06
Epoch: 5/10, train loss: 0.132163, test loss: 0.178006, test acc: 87.48%, test f1: 0.87. epoch time: 951.3278496265411
Self.net.train:  2.86102294921875e-06
Epoch: 5/10, train loss: 0.132128, test loss: 0.177716, test acc: 87.51%, test f1: 0.87. epoch time: 959.3697791099548
Self.net.train:  2.1457672119140625e-06
Epoch: 5/10, train loss: 0.132215, test loss: 0.177982, test acc: 87.49%, test f1: 0.87. epoch time: 962.7207541465759
Self.net.train:  2.1457672119140625e-06
Iter 2000, Train Loss: 0.130638
Iter 2000, Train Loss: 0.131294
Iter 2000, Train Loss: 0.130960
Iter 2000, Train Loss: 0.131323
Iter 4000, Train Loss: 0.131553
Iter 4000, Train Loss: 0.130653
Iter 4000, Train Loss: 0.130631
Iter 4000, Train Loss: 0.131536
Iter 6000, Train Loss: 0.131343
Iter 6000, Train Loss: 0.130817
Iter 6000, Train Loss: 0.130623
Iter 6000, Train Loss: 0.131311
Iter 8000, Train Loss: 0.131202
Iter 8000, Train Loss: 0.130832
Iter 8000, Train Loss: 0.130819
Iter 8000, Train Loss: 0.131116
Iter 10000, Train Loss: 0.131089
Iter 10000, Train Loss: 0.130792
Iter 10000, Train Loss: 0.130989
Iter 10000, Train Loss: 0.131212
Iter 12000, Train Loss: 0.131103
Iter 12000, Train Loss: 0.130818
Iter 12000, Train Loss: 0.130847
Iter 12000, Train Loss: 0.131035
Iter 14000, Train Loss: 0.131044
Iter 14000, Train Loss: 0.130706
Iter 14000, Train Loss: 0.130768
Iter 14000, Train Loss: 0.130891
Iter 16000, Train Loss: 0.130922
Iter 16000, Train Loss: 0.130663
Iter 16000, Train Loss: 0.130706
Iter 16000, Train Loss: 0.130792
Iter 18000, Train Loss: 0.130852
Iter 18000, Train Loss: 0.130732
Iter 18000, Train Loss: 0.130694
Iter 18000, Train Loss: 0.130855
Forward Time : 94.26108455657959s
Loss Time:  8.630268573760986 Backward Time:  161.80773830413818 Opti Time:  13.854568004608154
Update Time 338.7702341079712
Load Time 49.24491858482361
------------------------------------------
Train Time:  673.0210580825806
Forward Time : 93.90594983100891s
Loss Time:  7.94055438041687 Backward Time:  154.88934779167175 Opti Time:  14.083473682403564
Update Time 348.84753918647766
Load Time 46.48321342468262
------------------------------------------
Train Time:  672.2576365470886
Forward Time : 89.30280375480652s
Loss Time:  7.607898473739624 Backward Time:  156.68820023536682 Opti Time:  12.616532325744629
Update Time 365.8111970424652
Load Time 49.523590087890625
------------------------------------------
Train Time:  687.7221584320068
Forward Time : 91.73029780387878s
Loss Time:  7.962658882141113 Backward Time:  153.76821327209473 Opti Time:  13.70287013053894
Update Time 350.40828800201416
Load Time 45.34045195579529
------------------------------------------
Train Time:  668.9706268310547
Epoch: 6/10, train loss: 0.130640, test loss: 0.182189, test acc: 87.60%, test f1: 0.87. epoch time: 952.8641521930695
Self.net.train:  3.337860107421875e-06
Epoch: 6/10, train loss: 0.130813, test loss: 0.182296, test acc: 87.62%, test f1: 0.87. epoch time: 944.7054698467255
Self.net.train:  3.0994415283203125e-06
Epoch: 6/10, train loss: 0.130826, test loss: 0.182247, test acc: 87.61%, test f1: 0.87. epoch time: 940.4651381969452
Self.net.train:  2.384185791015625e-06
Epoch: 6/10, train loss: 0.130791, test loss: 0.182056, test acc: 87.62%, test f1: 0.87. epoch time: 957.3579747676849
Self.net.train:  3.0994415283203125e-06
Iter 2000, Train Loss: 0.129535
Iter 2000, Train Loss: 0.130225
Iter 2000, Train Loss: 0.129755
Iter 2000, Train Loss: 0.130014
Iter 4000, Train Loss: 0.130391
Iter 4000, Train Loss: 0.129561
Iter 4000, Train Loss: 0.129442
Iter 4000, Train Loss: 0.130286
Iter 6000, Train Loss: 0.130239
Iter 6000, Train Loss: 0.129672
Iter 6000, Train Loss: 0.129465
Iter 6000, Train Loss: 0.130087
Iter 8000, Train Loss: 0.130086
Iter 8000, Train Loss: 0.129688
Iter 8000, Train Loss: 0.129644
Iter 8000, Train Loss: 0.129906
Iter 10000, Train Loss: 0.129959
Iter 10000, Train Loss: 0.129668
Iter 10000, Train Loss: 0.129818
Iter 10000, Train Loss: 0.130055
Iter 12000, Train Loss: 0.130010
Iter 12000, Train Loss: 0.129690
Iter 12000, Train Loss: 0.129679
Iter 12000, Train Loss: 0.129885
Iter 14000, Train Loss: 0.129973
Iter 14000, Train Loss: 0.129588
Iter 14000, Train Loss: 0.129621
Iter 14000, Train Loss: 0.129749
Iter 16000, Train Loss: 0.129874
Iter 16000, Train Loss: 0.129550
Iter 16000, Train Loss: 0.129574
Iter 16000, Train Loss: 0.129667
Iter 18000, Train Loss: 0.129815
Iter 18000, Train Loss: 0.129634
Iter 18000, Train Loss: 0.129573
Iter 18000, Train Loss: 0.129746
Forward Time : 90.4348657131195s
Loss Time:  7.7270801067352295 Backward Time:  155.6474916934967 Opti Time:  12.887205362319946
Update Time 370.72877407073975
Load Time 49.128910541534424
------------------------------------------
Train Time:  692.2674152851105
Forward Time : 96.70102000236511s
Loss Time:  8.178983688354492 Backward Time:  156.76323628425598 Opti Time:  14.64009428024292
Update Time 340.4116966724396
Load Time 49.88173270225525
------------------------------------------
Train Time:  672.4395153522491
Forward Time : 94.23776698112488s
Loss Time:  8.193484783172607 Backward Time:  153.16439032554626 Opti Time:  14.14186406135559
Update Time 364.54505443573
Load Time 46.006526947021484
------------------------------------------
Train Time:  685.9973604679108
Forward Time : 91.91735529899597s
Loss Time:  8.357378959655762 Backward Time:  162.54164791107178 Opti Time:  13.555387020111084
Update Time 353.26311898231506
Load Time 50.18300104141235
------------------------------------------
Train Time:  686.089989900589
Epoch: 7/10, train loss: 0.129695, test loss: 0.184674, test acc: 87.51%, test f1: 0.87. epoch time: 937.8922667503357
Self.net.train:  2.384185791015625e-06
Epoch: 7/10, train loss: 0.129772, test loss: 0.184917, test acc: 87.51%, test f1: 0.87. epoch time: 951.4776859283447
Self.net.train:  2.6226043701171875e-06
Epoch: 7/10, train loss: 0.129721, test loss: 0.184851, test acc: 87.50%, test f1: 0.87. epoch time: 952.8353443145752
Self.net.train:  4.0531158447265625e-06
Epoch: 7/10, train loss: 0.129525, test loss: 0.184776, test acc: 87.50%, test f1: 0.87. epoch time: 965.0351736545563
Self.net.train:  3.337860107421875e-06
Iter 2000, Train Loss: 0.128585
Iter 2000, Train Loss: 0.129219
Iter 2000, Train Loss: 0.128875
Iter 2000, Train Loss: 0.129152
Iter 4000, Train Loss: 0.129524
Iter 4000, Train Loss: 0.128543
Iter 4000, Train Loss: 0.128570
Iter 4000, Train Loss: 0.129367
Iter 6000, Train Loss: 0.129312
Iter 6000, Train Loss: 0.128693
Iter 6000, Train Loss: 0.128581
Iter 6000, Train Loss: 0.129174
Iter 8000, Train Loss: 0.129165
Iter 8000, Train Loss: 0.128731
Iter 8000, Train Loss: 0.128735
Iter 8000, Train Loss: 0.128994
Iter 10000, Train Loss: 0.129039
Iter 10000, Train Loss: 0.128729
Iter 10000, Train Loss: 0.128895
Iter 10000, Train Loss: 0.129135
Iter 12000, Train Loss: 0.129079
Iter 12000, Train Loss: 0.128777
Iter 12000, Train Loss: 0.128759
Iter 12000, Train Loss: 0.128971
Iter 14000, Train Loss: 0.129038
Iter 14000, Train Loss: 0.128679
Iter 14000, Train Loss: 0.128725
Iter 14000, Train Loss: 0.128852
Iter 16000, Train Loss: 0.128938
Iter 16000, Train Loss: 0.128658
Iter 16000, Train Loss: 0.128680
Iter 16000, Train Loss: 0.128763
Iter 18000, Train Loss: 0.128891
Iter 18000, Train Loss: 0.128742
Iter 18000, Train Loss: 0.128689
Iter 18000, Train Loss: 0.128830
Forward Time : 95.36694860458374s
Loss Time:  7.985892295837402 Backward Time:  157.32840275764465 Opti Time:  14.278849124908447
Update Time 356.7044405937195
Load Time 48.84929323196411
------------------------------------------
Train Time:  686.4489696025848
Forward Time : 91.88414883613586s
Loss Time:  8.350436210632324 Backward Time:  163.06584572792053 Opti Time:  13.598034143447876
Update Time 351.5624303817749
Load Time 51.63356685638428
------------------------------------------
Train Time:  686.4137949943542
Forward Time : 90.8897590637207s
Loss Time:  7.744042158126831 Backward Time:  156.39367175102234 Opti Time:  12.726285457611084
Update Time 357.4945421218872
Load Time 47.91967701911926
------------------------------------------
Train Time:  679.1750676631927
Forward Time : 93.09186792373657s
Loss Time:  8.066489219665527 Backward Time:  153.69859862327576 Opti Time:  13.922942638397217
Update Time 363.3964560031891
Load Time 47.000290632247925
------------------------------------------
Train Time:  685.0710382461548
Epoch: 8/10, train loss: 0.128851, test loss: 0.190120, test acc: 87.39%, test f1: 0.87. epoch time: 951.0048878192902
Self.net.train:  2.384185791015625e-06
Epoch: 8/10, train loss: 0.128809, test loss: 0.190073, test acc: 87.38%, test f1: 0.87. epoch time: 949.6723370552063
Self.net.train:  2.384185791015625e-06
Epoch: 8/10, train loss: 0.128637, test loss: 0.189971, test acc: 87.37%, test f1: 0.87. epoch time: 944.5727937221527
Self.net.train:  2.384185791015625e-06
Epoch: 8/10, train loss: 0.128806, test loss: 0.189909, test acc: 87.38%, test f1: 0.87. epoch time: 963.4631612300873
Self.net.train:  2.86102294921875e-06
Iter 2000, Train Loss: 0.127798
Iter 2000, Train Loss: 0.128387
Iter 2000, Train Loss: 0.128051
Iter 2000, Train Loss: 0.128329
Iter 4000, Train Loss: 0.128716
Iter 4000, Train Loss: 0.127765
Iter 4000, Train Loss: 0.127722
Iter 4000, Train Loss: 0.128582
Iter 6000, Train Loss: 0.128557
Iter 6000, Train Loss: 0.127909
Iter 6000, Train Loss: 0.127739
Iter 6000, Train Loss: 0.128398
Iter 8000, Train Loss: 0.128395
Iter 8000, Train Loss: 0.127945
Iter 8000, Train Loss: 0.127902
Iter 8000, Train Loss: 0.128192
Iter 10000, Train Loss: 0.128284
Iter 10000, Train Loss: 0.127960
Iter 10000, Train Loss: 0.128084
Iter 10000, Train Loss: 0.128360
Iter 12000, Train Loss: 0.128349
Iter 12000, Train Loss: 0.128013
Iter 12000, Train Loss: 0.127988
Iter 12000, Train Loss: 0.128199
Iter 14000, Train Loss: 0.128320
Iter 14000, Train Loss: 0.127912
Iter 14000, Train Loss: 0.127964
Iter 14000, Train Loss: 0.128097
Iter 16000, Train Loss: 0.128219
Iter 16000, Train Loss: 0.127877
Iter 16000, Train Loss: 0.127923
Iter 16000, Train Loss: 0.128008
Iter 18000, Train Loss: 0.128168
Iter 18000, Train Loss: 0.127964
Iter 18000, Train Loss: 0.127940
Iter 18000, Train Loss: 0.128081
Forward Time : 95.39063477516174s
Loss Time:  8.368364572525024 Backward Time:  152.8143765926361 Opti Time:  14.309772491455078
Update Time 356.72127318382263
Load Time 48.9333233833313
------------------------------------------
Train Time:  682.2417035102844
Forward Time : 91.7150981426239s
Loss Time:  7.8370983600616455 Backward Time:  154.94704914093018 Opti Time:  12.790842294692993
Update Time 360.49663829803467
Load Time 47.99520492553711
------------------------------------------
Train Time:  681.4832949638367
Forward Time : 97.21317672729492s
Loss Time:  8.177431344985962 Backward Time:  155.41369438171387 Opti Time:  14.588075160980225
Update Time 339.1785852909088
Load Time 49.49987316131592
------------------------------------------
Train Time:  669.9519369602203
Forward Time : 89.29021310806274s
Loss Time:  8.037024021148682 Backward Time:  165.64127659797668 Opti Time:  13.274767637252808
Update Time 348.876079082489
Load Time 51.03553342819214
------------------------------------------
Train Time:  682.5383279323578
Epoch: 9/10, train loss: 0.127898, test loss: 0.195225, test acc: 87.16%, test f1: 0.87. epoch time: 946.9549527168274
Self.net.train:  2.6226043701171875e-06
Epoch: 9/10, train loss: 0.128128, test loss: 0.195379, test acc: 87.17%, test f1: 0.87. epoch time: 955.3411121368408
Self.net.train:  3.0994415283203125e-06
Epoch: 9/10, train loss: 0.128052, test loss: 0.195312, test acc: 87.16%, test f1: 0.87. epoch time: 955.8225617408752
Self.net.train:  3.0994415283203125e-06
Epoch: 9/10, train loss: 0.128026, test loss: 0.195211, test acc: 87.16%, test f1: 0.87. epoch time: 954.3054721355438
Self.net.train:  3.0994415283203125e-06
Iter 2000, Train Loss: 0.127121
Iter 2000, Train Loss: 0.127862
Iter 2000, Train Loss: 0.127328
Iter 2000, Train Loss: 0.127680
Iter 4000, Train Loss: 0.128024
Iter 4000, Train Loss: 0.127116
Iter 4000, Train Loss: 0.126980
Iter 4000, Train Loss: 0.127900
Iter 6000, Train Loss: 0.127845
Iter 6000, Train Loss: 0.127193
Iter 6000, Train Loss: 0.126977
Iter 6000, Train Loss: 0.127689
Iter 8000, Train Loss: 0.127663
Iter 8000, Train Loss: 0.127191
Iter 8000, Train Loss: 0.127164
Iter 8000, Train Loss: 0.127494
Iter 10000, Train Loss: 0.127567
Iter 10000, Train Loss: 0.127223
Iter 10000, Train Loss: 0.127339
Iter 10000, Train Loss: 0.127675
Iter 12000, Train Loss: 0.127655
Iter 12000, Train Loss: 0.127286
Iter 12000, Train Loss: 0.127243
Iter 12000, Train Loss: 0.127502
Iter 14000, Train Loss: 0.127629
Iter 14000, Train Loss: 0.127219
Iter 14000, Train Loss: 0.127220
Iter 14000, Train Loss: 0.127383
Iter 16000, Train Loss: 0.127552
Iter 16000, Train Loss: 0.127190
Iter 16000, Train Loss: 0.127202
Iter 16000, Train Loss: 0.127314
Iter 18000, Train Loss: 0.127497
Iter 18000, Train Loss: 0.127286
Iter 18000, Train Loss: 0.127225
Iter 18000, Train Loss: 0.127399
Forward Time : 91.63716626167297s
Loss Time:  7.940748691558838 Backward Time:  155.3199508190155 Opti Time:  13.78028655052185
Update Time 365.47516202926636
Load Time 46.876171350479126
------------------------------------------
Train Time:  687.1853852272034
Forward Time : 93.44378423690796s
Loss Time:  7.75440788269043 Backward Time:  160.31531691551208 Opti Time:  13.961308717727661
Update Time 347.18513441085815
Load Time 47.42605447769165
------------------------------------------
Train Time:  676.4243471622467
Forward Time : 95.71243691444397s
Loss Time:  8.700462818145752 Backward Time:  159.94368886947632 Opti Time:  14.045706510543823
Update Time 352.9145812988281
Load Time 49.85502219200134
------------------------------------------
Train Time:  687.8419091701508
Forward Time : 100.9844765663147s
Loss Time:  8.740692377090454 Backward Time:  159.75168704986572 Opti Time:  13.980235576629639
Update Time 353.9283912181854
Load Time 51.353798151016235
------------------------------------------
Train Time:  695.8658671379089
Epoch: 10/10, train loss: 0.127378, test loss: 0.193678, test acc: 87.16%, test f1: 0.87. epoch time: 951.6145901679993
Total time: 9529.840s
Epoch: 10/10, train loss: 0.127356, test loss: 0.193549, test acc: 87.15%, test f1: 0.87. epoch time: 941.3353359699249
Total time: 9530.380s
Epoch: 10/10, train loss: 0.127178, test loss: 0.193587, test acc: 87.14%, test f1: 0.87. epoch time: 960.9952149391174
Total time: 9531.106s
Epoch: 10/10, train loss: 0.127455, test loss: 0.193740, test acc: 87.17%, test f1: 0.87. epoch time: 953.545732498169
Total time: 9531.289s
