Collect Inputs...
Data Directory: ../data/combined_result_5class.h5
Batch Size: 128
Learning rate: 0.1
Max Number of Epochs: 10
Initialize Process Group...
Initialize Model...
Initialize Dataloaders...
Training...
Self.net.train:  7.152557373046875e-07
Iter 2000, Train Loss: 0.254714
Iter 4000, Train Loss: 0.254720
Iter 6000, Train Loss: 0.254626
Iter 8000, Train Loss: 0.254743
Iter 10000, Train Loss: 0.254634
Iter 12000, Train Loss: 0.254638
Iter 14000, Train Loss: 0.254620
Iter 16000, Train Loss: 0.254615
Iter 18000, Train Loss: 0.254600
Iter 20000, Train Loss: 0.254582
Iter 22000, Train Loss: 0.254566
Iter 24000, Train Loss: 0.254572
Iter 26000, Train Loss: 0.254007
Iter 28000, Train Loss: 0.251964
Iter 30000, Train Loss: 0.248251
Iter 32000, Train Loss: 0.244484
Iter 34000, Train Loss: 0.240901
Iter 36000, Train Loss: 0.237145
Iter 38000, Train Loss: 0.233471
Iter 40000, Train Loss: 0.229812
Iter 42000, Train Loss: 0.226360
Iter 44000, Train Loss: 0.223173
Iter 46000, Train Loss: 0.220112
Iter 48000, Train Loss: 0.217314
Iter 50000, Train Loss: 0.214647
Iter 52000, Train Loss: 0.212154
Iter 54000, Train Loss: 0.209842
Iter 56000, Train Loss: 0.207598
Iter 58000, Train Loss: 0.205518
Iter 60000, Train Loss: 0.203571
Iter 62000, Train Loss: 0.201688
Iter 64000, Train Loss: 0.199923
Iter 66000, Train Loss: 0.198267
Iter 68000, Train Loss: 0.196715
Iter 70000, Train Loss: 0.195253
Iter 72000, Train Loss: 0.193851
Iter 74000, Train Loss: 0.192506
Iter 76000, Train Loss: 0.191227
Iter 78000, Train Loss: 0.189992
Iter 80000, Train Loss: 0.188793
Iter 82000, Train Loss: 0.187655
Iter 84000, Train Loss: 0.186574
Iter 86000, Train Loss: 0.185534
Iter 88000, Train Loss: 0.184544
Iter 90000, Train Loss: 0.183572
Iter 92000, Train Loss: 0.182640
Iter 94000, Train Loss: 0.181748
Iter 96000, Train Loss: 0.180901
Iter 98000, Train Loss: 0.180096
Iter 100000, Train Loss: 0.179316
Iter 102000, Train Loss: 0.178546
Iter 104000, Train Loss: 0.177785
Iter 106000, Train Loss: 0.177067
Iter 108000, Train Loss: 0.176383
Iter 110000, Train Loss: 0.175733
Iter 112000, Train Loss: 0.175068
Iter 114000, Train Loss: 0.174445
Iter 116000, Train Loss: 0.173828
Iter 118000, Train Loss: 0.173227
Iter 120000, Train Loss: 0.172652
Iter 122000, Train Loss: 0.172108
Iter 124000, Train Loss: 0.171558
Iter 126000, Train Loss: 0.171016
Iter 128000, Train Loss: 0.170504
Iter 130000, Train Loss: 0.170007
Iter 132000, Train Loss: 0.169527
Iter 134000, Train Loss: 0.169050
Iter 136000, Train Loss: 0.168592
Iter 138000, Train Loss: 0.168137
Iter 140000, Train Loss: 0.167704
Iter 142000, Train Loss: 0.167278
Iter 144000, Train Loss: 0.166857
Iter 146000, Train Loss: 0.166451
Iter 148000, Train Loss: 0.166059
Forward Time : 998.5974547863007s
Loss Time:  89.58868432044983 Backward Time:  2485.5913598537445 Opti Time:  160.71805453300476
Update Time 1860.9924139976501
Load Time 336.6625521183014
------------------------------------------
Train Time:  6050.756286621094
Epoch: 1/10, train loss: 0.165761, test loss: 0.135244, test acc: 80.29%, test f1: 0.85. epoch time: 6502.839353084564
Self.net.train:  9.5367431640625e-07
Iter 2000, Train Loss: 0.136325
Iter 4000, Train Loss: 0.136720
Iter 6000, Train Loss: 0.136575
Iter 8000, Train Loss: 0.136467
Iter 10000, Train Loss: 0.136429
Iter 12000, Train Loss: 0.136537
Iter 14000, Train Loss: 0.136654
Iter 16000, Train Loss: 0.136584
Iter 18000, Train Loss: 0.136466
Iter 20000, Train Loss: 0.136354
Iter 22000, Train Loss: 0.136249
Iter 24000, Train Loss: 0.136247
Iter 26000, Train Loss: 0.136236
Iter 28000, Train Loss: 0.136233
Iter 30000, Train Loss: 0.136100
Iter 32000, Train Loss: 0.135968
Iter 34000, Train Loss: 0.135918
Iter 36000, Train Loss: 0.135849
Iter 38000, Train Loss: 0.135799
Iter 40000, Train Loss: 0.135710
Iter 42000, Train Loss: 0.135641
Iter 44000, Train Loss: 0.135648
Iter 46000, Train Loss: 0.135586
Iter 48000, Train Loss: 0.135560
Iter 50000, Train Loss: 0.135506
Iter 52000, Train Loss: 0.135456
Iter 54000, Train Loss: 0.135438
Iter 56000, Train Loss: 0.135343
Iter 58000, Train Loss: 0.135300
Iter 60000, Train Loss: 0.135270
Iter 62000, Train Loss: 0.135191
Iter 64000, Train Loss: 0.135127
Iter 66000, Train Loss: 0.135073
Iter 68000, Train Loss: 0.135051
Iter 70000, Train Loss: 0.135037
Iter 72000, Train Loss: 0.135007
Iter 74000, Train Loss: 0.134989
Iter 76000, Train Loss: 0.134961
Iter 78000, Train Loss: 0.134921
Iter 80000, Train Loss: 0.134859
Iter 82000, Train Loss: 0.134810
Iter 84000, Train Loss: 0.134776
Iter 86000, Train Loss: 0.134740
Iter 88000, Train Loss: 0.134707
Iter 90000, Train Loss: 0.134655
Iter 92000, Train Loss: 0.134607
Iter 94000, Train Loss: 0.134572
Iter 96000, Train Loss: 0.134551
Iter 98000, Train Loss: 0.134533
Iter 100000, Train Loss: 0.134515
Iter 102000, Train Loss: 0.134485
Iter 104000, Train Loss: 0.134435
Iter 106000, Train Loss: 0.134406
Iter 108000, Train Loss: 0.134381
Iter 110000, Train Loss: 0.134370
Iter 112000, Train Loss: 0.134322
Iter 114000, Train Loss: 0.134297
Iter 116000, Train Loss: 0.134260
Iter 118000, Train Loss: 0.134221
Iter 120000, Train Loss: 0.134186
Iter 122000, Train Loss: 0.134170
Iter 124000, Train Loss: 0.134137
Iter 126000, Train Loss: 0.134095
Iter 128000, Train Loss: 0.134069
Iter 130000, Train Loss: 0.134041
Iter 132000, Train Loss: 0.134017
Iter 134000, Train Loss: 0.133987
Iter 136000, Train Loss: 0.133958
Iter 138000, Train Loss: 0.133922
Iter 140000, Train Loss: 0.133899
Iter 142000, Train Loss: 0.133873
Iter 144000, Train Loss: 0.133845
Iter 146000, Train Loss: 0.133819
Iter 148000, Train Loss: 0.133797
Forward Time : 1001.1900098323822s
Loss Time:  89.38697457313538 Backward Time:  2454.7036209106445 Opti Time:  164.13936042785645
Update Time 1854.151781797409
Load Time 251.03014612197876
------------------------------------------
Train Time:  5941.417796611786
Epoch: 2/10, train loss: 0.133776, test loss: 0.130660, test acc: 81.46%, test f1: 0.85. epoch time: 6397.366604804993
Self.net.train:  7.152557373046875e-07
Iter 2000, Train Loss: 0.131320
Iter 4000, Train Loss: 0.131552
Iter 6000, Train Loss: 0.131583
Iter 8000, Train Loss: 0.131448
Iter 10000, Train Loss: 0.131435
Iter 12000, Train Loss: 0.131545
Iter 14000, Train Loss: 0.131667
Iter 16000, Train Loss: 0.131647
Iter 18000, Train Loss: 0.131542
Iter 20000, Train Loss: 0.131501
Iter 22000, Train Loss: 0.131406
Iter 24000, Train Loss: 0.131443
Iter 26000, Train Loss: 0.131445
Iter 28000, Train Loss: 0.131466
Iter 30000, Train Loss: 0.131363
Iter 32000, Train Loss: 0.131255
Iter 34000, Train Loss: 0.131226
Iter 36000, Train Loss: 0.131195
Iter 38000, Train Loss: 0.131176
Iter 40000, Train Loss: 0.131108
Iter 42000, Train Loss: 0.131073
Iter 44000, Train Loss: 0.131103
Iter 46000, Train Loss: 0.131072
Iter 48000, Train Loss: 0.131067
Iter 50000, Train Loss: 0.131033
Iter 52000, Train Loss: 0.131002
Iter 54000, Train Loss: 0.131011
Iter 56000, Train Loss: 0.130940
Iter 58000, Train Loss: 0.130921
Iter 60000, Train Loss: 0.130916
Iter 62000, Train Loss: 0.130858
Iter 64000, Train Loss: 0.130813
Iter 66000, Train Loss: 0.130781
Iter 68000, Train Loss: 0.130782
Iter 70000, Train Loss: 0.130794
Iter 72000, Train Loss: 0.130784
Iter 74000, Train Loss: 0.130785
Iter 76000, Train Loss: 0.130781
Iter 78000, Train Loss: 0.130766
Iter 80000, Train Loss: 0.130730
Iter 82000, Train Loss: 0.130705
Iter 84000, Train Loss: 0.130689
Iter 86000, Train Loss: 0.130672
Iter 88000, Train Loss: 0.130657
Iter 90000, Train Loss: 0.130620
Iter 92000, Train Loss: 0.130589
Iter 94000, Train Loss: 0.130577
Iter 96000, Train Loss: 0.130574
Iter 98000, Train Loss: 0.130570
Iter 100000, Train Loss: 0.130574
Iter 102000, Train Loss: 0.130556
Iter 104000, Train Loss: 0.130522
Iter 106000, Train Loss: 0.130510
Iter 108000, Train Loss: 0.130501
Iter 110000, Train Loss: 0.130506
Iter 112000, Train Loss: 0.130475
Iter 114000, Train Loss: 0.130469
Iter 116000, Train Loss: 0.130448
Iter 118000, Train Loss: 0.130426
Iter 120000, Train Loss: 0.130406
Iter 122000, Train Loss: 0.130406
Iter 124000, Train Loss: 0.130385
Iter 126000, Train Loss: 0.130359
Iter 128000, Train Loss: 0.130345
Iter 130000, Train Loss: 0.130330
Iter 132000, Train Loss: 0.130318
Iter 134000, Train Loss: 0.130304
Iter 136000, Train Loss: 0.130292
Iter 138000, Train Loss: 0.130265
Iter 140000, Train Loss: 0.130257
Iter 142000, Train Loss: 0.130243
Iter 144000, Train Loss: 0.130229
Iter 146000, Train Loss: 0.130218
Iter 148000, Train Loss: 0.130210
Forward Time : 1001.8573017120361s
Loss Time:  90.25329446792603 Backward Time:  2467.6602578163147 Opti Time:  163.9228241443634
Update Time 1858.9054980278015
Load Time 254.09514904022217
------------------------------------------
Train Time:  5962.582988739014
Epoch: 3/10, train loss: 0.130201, test loss: 0.128824, test acc: 81.91%, test f1: 0.85. epoch time: 6419.4727165699005
Self.net.train:  4.76837158203125e-07
Iter 2000, Train Loss: 0.128666
Iter 4000, Train Loss: 0.129061
Iter 6000, Train Loss: 0.129069
Iter 8000, Train Loss: 0.128892
Iter 10000, Train Loss: 0.128922
Iter 12000, Train Loss: 0.129057
Iter 14000, Train Loss: 0.129201
Iter 16000, Train Loss: 0.129176
Iter 18000, Train Loss: 0.129086
Iter 20000, Train Loss: 0.129047
Iter 22000, Train Loss: 0.128967
Iter 24000, Train Loss: 0.129000
Iter 26000, Train Loss: 0.128999
Iter 28000, Train Loss: 0.129029
Iter 30000, Train Loss: 0.128933
Iter 32000, Train Loss: 0.128835
Iter 34000, Train Loss: 0.128815
Iter 36000, Train Loss: 0.128781
Iter 38000, Train Loss: 0.128772
Iter 40000, Train Loss: 0.128714
Iter 42000, Train Loss: 0.128682
Iter 44000, Train Loss: 0.128716
Iter 46000, Train Loss: 0.128691
Iter 48000, Train Loss: 0.128686
Iter 50000, Train Loss: 0.128653
Iter 52000, Train Loss: 0.128634
Iter 54000, Train Loss: 0.128648
Iter 56000, Train Loss: 0.128584
Iter 58000, Train Loss: 0.128572
Iter 60000, Train Loss: 0.128572
Iter 62000, Train Loss: 0.128524
Iter 64000, Train Loss: 0.128485
Iter 66000, Train Loss: 0.128466
Iter 68000, Train Loss: 0.128472
Iter 70000, Train Loss: 0.128487
Iter 72000, Train Loss: 0.128485
Iter 74000, Train Loss: 0.128492
Iter 76000, Train Loss: 0.128494
Iter 78000, Train Loss: 0.128482
Iter 80000, Train Loss: 0.128453
Iter 82000, Train Loss: 0.128433
Iter 84000, Train Loss: 0.128421
Iter 86000, Train Loss: 0.128412
Iter 88000, Train Loss: 0.128404
Iter 90000, Train Loss: 0.128372
Iter 92000, Train Loss: 0.128350
Iter 94000, Train Loss: 0.128342
Iter 96000, Train Loss: 0.128347
Iter 98000, Train Loss: 0.128347
Iter 100000, Train Loss: 0.128357
Iter 102000, Train Loss: 0.128339
Iter 104000, Train Loss: 0.128310
Iter 106000, Train Loss: 0.128303
Iter 108000, Train Loss: 0.128296
Iter 110000, Train Loss: 0.128306
Iter 112000, Train Loss: 0.128279
Iter 114000, Train Loss: 0.128278
Iter 116000, Train Loss: 0.128266
Iter 118000, Train Loss: 0.128245
Iter 120000, Train Loss: 0.128231
Iter 122000, Train Loss: 0.128236
Iter 124000, Train Loss: 0.128222
Iter 126000, Train Loss: 0.128200
Iter 128000, Train Loss: 0.128192
Iter 130000, Train Loss: 0.128183
Iter 132000, Train Loss: 0.128174
Iter 134000, Train Loss: 0.128166
Iter 136000, Train Loss: 0.128160
Iter 138000, Train Loss: 0.128136
Iter 140000, Train Loss: 0.128136
Iter 142000, Train Loss: 0.128125
Iter 144000, Train Loss: 0.128117
Iter 146000, Train Loss: 0.128111
Iter 148000, Train Loss: 0.128108
Forward Time : 989.8246068954468s
Loss Time:  86.91692924499512 Backward Time:  2451.3990499973297 Opti Time:  163.033264875412
Update Time 1856.3759546279907
Load Time 243.90371894836426
------------------------------------------
Train Time:  5916.143106937408
Epoch: 4/10, train loss: 0.128102, test loss: 0.128025, test acc: 80.39%, test f1: 0.85. epoch time: 6370.438652038574
Self.net.train:  7.152557373046875e-07
Iter 2000, Train Loss: 0.127035
Iter 4000, Train Loss: 0.127280
Iter 6000, Train Loss: 0.127299
Iter 8000, Train Loss: 0.127191
Iter 10000, Train Loss: 0.127212
Iter 12000, Train Loss: 0.127342
Iter 14000, Train Loss: 0.127499
Iter 16000, Train Loss: 0.127470
Iter 18000, Train Loss: 0.127361
Iter 20000, Train Loss: 0.127335
Iter 22000, Train Loss: 0.127257
Iter 24000, Train Loss: 0.127304
Iter 26000, Train Loss: 0.127307
Iter 28000, Train Loss: 0.127342
Iter 30000, Train Loss: 0.127257
Iter 32000, Train Loss: 0.127165
Iter 34000, Train Loss: 0.127160
Iter 36000, Train Loss: 0.127129
Iter 38000, Train Loss: 0.127127
Iter 40000, Train Loss: 0.127069
Iter 42000, Train Loss: 0.127034
Iter 44000, Train Loss: 0.127070
Iter 46000, Train Loss: 0.127047
Iter 48000, Train Loss: 0.127049
Iter 50000, Train Loss: 0.127020
Iter 52000, Train Loss: 0.127003
Iter 54000, Train Loss: 0.127023
Iter 56000, Train Loss: 0.126955
Iter 58000, Train Loss: 0.126941
Iter 60000, Train Loss: 0.126945
Iter 62000, Train Loss: 0.126895
Iter 64000, Train Loss: 0.126861
Iter 66000, Train Loss: 0.126845
Iter 68000, Train Loss: 0.126859
Iter 70000, Train Loss: 0.126879
Iter 72000, Train Loss: 0.126878
Iter 74000, Train Loss: 0.126886
Iter 76000, Train Loss: 0.126892
Iter 78000, Train Loss: 0.126883
Iter 80000, Train Loss: 0.126859
Iter 82000, Train Loss: 0.126846
Iter 84000, Train Loss: 0.126839
Iter 86000, Train Loss: 0.126833
Iter 88000, Train Loss: 0.126826
Iter 90000, Train Loss: 0.126793
Iter 92000, Train Loss: 0.126772
Iter 94000, Train Loss: 0.126770
Iter 96000, Train Loss: 0.126777
Iter 98000, Train Loss: 0.126783
Iter 100000, Train Loss: 0.126794
Iter 102000, Train Loss: 0.126778
Iter 104000, Train Loss: 0.126752
Iter 106000, Train Loss: 0.126745
Iter 108000, Train Loss: 0.126742
Iter 110000, Train Loss: 0.126754
Iter 112000, Train Loss: 0.126728
Iter 114000, Train Loss: 0.126731
Iter 116000, Train Loss: 0.126719
Iter 118000, Train Loss: 0.126702
Iter 120000, Train Loss: 0.126692
Iter 122000, Train Loss: 0.126698
Iter 124000, Train Loss: 0.126690
Iter 126000, Train Loss: 0.126670
Iter 128000, Train Loss: 0.126668
Iter 130000, Train Loss: 0.126661
Iter 132000, Train Loss: 0.126656
Iter 134000, Train Loss: 0.126652
Iter 136000, Train Loss: 0.126646
Iter 138000, Train Loss: 0.126627
Iter 140000, Train Loss: 0.126626
Iter 142000, Train Loss: 0.126618
Iter 144000, Train Loss: 0.126610
Iter 146000, Train Loss: 0.126607
Iter 148000, Train Loss: 0.126607
Forward Time : 989.4412748813629s
Loss Time:  87.18390965461731 Backward Time:  2457.973687648773 Opti Time:  163.12435483932495
Update Time 1855.912875175476
Load Time 245.7619457244873
------------------------------------------
Train Time:  5925.506103992462
Epoch: 5/10, train loss: 0.126604, test loss: 0.127307, test acc: 81.01%, test f1: 0.85. epoch time: 6380.154684782028
Self.net.train:  7.152557373046875e-07
Iter 2000, Train Loss: 0.125731
Iter 4000, Train Loss: 0.125977
Iter 6000, Train Loss: 0.125964
Iter 8000, Train Loss: 0.125885
Iter 10000, Train Loss: 0.125928
Iter 12000, Train Loss: 0.126053
Iter 14000, Train Loss: 0.126215
Iter 16000, Train Loss: 0.126193
Iter 18000, Train Loss: 0.126124
Iter 20000, Train Loss: 0.126099
Iter 22000, Train Loss: 0.126023
Iter 24000, Train Loss: 0.126054
Iter 26000, Train Loss: 0.126054
Iter 28000, Train Loss: 0.126082
Iter 30000, Train Loss: 0.126002
Iter 32000, Train Loss: 0.125909
Iter 34000, Train Loss: 0.125900
Iter 36000, Train Loss: 0.125877
Iter 38000, Train Loss: 0.125882
Iter 40000, Train Loss: 0.125824
Iter 42000, Train Loss: 0.125787
Iter 44000, Train Loss: 0.125822
Iter 46000, Train Loss: 0.125797
Iter 48000, Train Loss: 0.125790
Iter 50000, Train Loss: 0.125769
Iter 52000, Train Loss: 0.125746
Iter 54000, Train Loss: 0.125773
Iter 56000, Train Loss: 0.125706
Iter 58000, Train Loss: 0.125700
Iter 60000, Train Loss: 0.125703
Iter 62000, Train Loss: 0.125656
Iter 64000, Train Loss: 0.125618
Iter 66000, Train Loss: 0.125607
Iter 68000, Train Loss: 0.125621
Iter 70000, Train Loss: 0.125639
Iter 72000, Train Loss: 0.125633
Iter 74000, Train Loss: 0.125645
Iter 76000, Train Loss: 0.125647
Iter 78000, Train Loss: 0.125640
Iter 80000, Train Loss: 0.125618
Iter 82000, Train Loss: 0.125606
Iter 84000, Train Loss: 0.125602
Iter 86000, Train Loss: 0.125595
Iter 88000, Train Loss: 0.125591
Iter 90000, Train Loss: 0.125558
Iter 92000, Train Loss: 0.125544
Iter 94000, Train Loss: 0.125545
Iter 96000, Train Loss: 0.125558
Iter 98000, Train Loss: 0.125562
Iter 100000, Train Loss: 0.125575
Iter 102000, Train Loss: 0.125563
Iter 104000, Train Loss: 0.125539
Iter 106000, Train Loss: 0.125533
Iter 108000, Train Loss: 0.125531
Iter 110000, Train Loss: 0.125543
Iter 112000, Train Loss: 0.125519
Iter 114000, Train Loss: 0.125522
Iter 116000, Train Loss: 0.125514
Iter 118000, Train Loss: 0.125501
Iter 120000, Train Loss: 0.125493
Iter 122000, Train Loss: 0.125505
Iter 124000, Train Loss: 0.125495
Iter 126000, Train Loss: 0.125479
Iter 128000, Train Loss: 0.125478
Iter 130000, Train Loss: 0.125472
Iter 132000, Train Loss: 0.125470
Iter 134000, Train Loss: 0.125466
Iter 136000, Train Loss: 0.125461
Iter 138000, Train Loss: 0.125442
Iter 140000, Train Loss: 0.125442
Iter 142000, Train Loss: 0.125436
Iter 144000, Train Loss: 0.125431
Iter 146000, Train Loss: 0.125429
Iter 148000, Train Loss: 0.125432
Forward Time : 989.1175422668457s
Loss Time:  87.55816197395325 Backward Time:  2474.4338555336 Opti Time:  162.3489110469818
Update Time 1857.0289130210876
Load Time 246.18588662147522
------------------------------------------
Train Time:  5941.830880880356
Epoch: 6/10, train loss: 0.125432, test loss: 0.127104, test acc: 80.92%, test f1: 0.85. epoch time: 6397.188872098923
Self.net.train:  7.152557373046875e-07
Iter 2000, Train Loss: 0.124682
Iter 4000, Train Loss: 0.124911
Iter 6000, Train Loss: 0.124924
Iter 8000, Train Loss: 0.124811
Iter 10000, Train Loss: 0.124868
Iter 12000, Train Loss: 0.125030
Iter 14000, Train Loss: 0.125177
Iter 16000, Train Loss: 0.125164
Iter 18000, Train Loss: 0.125082
Iter 20000, Train Loss: 0.125077
Iter 22000, Train Loss: 0.125001
Iter 24000, Train Loss: 0.125028
Iter 26000, Train Loss: 0.125044
Iter 28000, Train Loss: 0.125049
Iter 30000, Train Loss: 0.124973
Iter 32000, Train Loss: 0.124889
Iter 34000, Train Loss: 0.124882
Iter 36000, Train Loss: 0.124863
Iter 38000, Train Loss: 0.124876
Iter 40000, Train Loss: 0.124819
Iter 42000, Train Loss: 0.124785
Iter 44000, Train Loss: 0.124819
Iter 46000, Train Loss: 0.124802
Iter 48000, Train Loss: 0.124802
Iter 50000, Train Loss: 0.124777
Iter 52000, Train Loss: 0.124764
Iter 54000, Train Loss: 0.124784
Iter 56000, Train Loss: 0.124722
Iter 58000, Train Loss: 0.124717
Iter 60000, Train Loss: 0.124722
Iter 62000, Train Loss: 0.124683
Iter 64000, Train Loss: 0.124646
Iter 66000, Train Loss: 0.124635
Iter 68000, Train Loss: 0.124650
Iter 70000, Train Loss: 0.124669
Iter 72000, Train Loss: 0.124663
Iter 74000, Train Loss: 0.124681
Iter 76000, Train Loss: 0.124689
Iter 78000, Train Loss: 0.124678
Iter 80000, Train Loss: 0.124658
Iter 82000, Train Loss: 0.124652
Iter 84000, Train Loss: 0.124649
Iter 86000, Train Loss: 0.124644
Iter 88000, Train Loss: 0.124638
Iter 90000, Train Loss: 0.124603
Iter 92000, Train Loss: 0.124589
Iter 94000, Train Loss: 0.124590
Iter 96000, Train Loss: 0.124602
Iter 98000, Train Loss: 0.124610
Iter 100000, Train Loss: 0.124624
Iter 102000, Train Loss: 0.124610
Iter 104000, Train Loss: 0.124587
Iter 106000, Train Loss: 0.124586
Iter 108000, Train Loss: 0.124586
Iter 110000, Train Loss: 0.124602
Iter 112000, Train Loss: 0.124583
Iter 114000, Train Loss: 0.124586
Iter 116000, Train Loss: 0.124581
Iter 118000, Train Loss: 0.124568
Iter 120000, Train Loss: 0.124562
Iter 122000, Train Loss: 0.124573
Iter 124000, Train Loss: 0.124564
Iter 126000, Train Loss: 0.124549
Iter 128000, Train Loss: 0.124548
Iter 130000, Train Loss: 0.124542
Iter 132000, Train Loss: 0.124541
Iter 134000, Train Loss: 0.124540
Iter 136000, Train Loss: 0.124538
Iter 138000, Train Loss: 0.124519
Iter 140000, Train Loss: 0.124520
Iter 142000, Train Loss: 0.124516
Iter 144000, Train Loss: 0.124512
Iter 146000, Train Loss: 0.124512
Iter 148000, Train Loss: 0.124516
Forward Time : 993.3046851158142s
Loss Time:  87.63908672332764 Backward Time:  2341.1350421905518 Opti Time:  162.62712955474854
Update Time 1858.7718198299408
Load Time 248.76927065849304
------------------------------------------
Train Time:  5818.973181009293
Epoch: 7/10, train loss: 0.124515, test loss: 0.126985, test acc: 80.96%, test f1: 0.85. epoch time: 6274.468588113785
Self.net.train:  9.5367431640625e-07
Iter 2000, Train Loss: 0.124001
Iter 4000, Train Loss: 0.124196
Iter 6000, Train Loss: 0.124154
Iter 8000, Train Loss: 0.124041
Iter 10000, Train Loss: 0.124097
Iter 12000, Train Loss: 0.124248
Iter 14000, Train Loss: 0.124432
Iter 16000, Train Loss: 0.124404
Iter 18000, Train Loss: 0.124334
Iter 20000, Train Loss: 0.124317
Iter 22000, Train Loss: 0.124224
Iter 24000, Train Loss: 0.124259
Iter 26000, Train Loss: 0.124267
Iter 28000, Train Loss: 0.124282
Iter 30000, Train Loss: 0.124209
Iter 32000, Train Loss: 0.124125
Iter 34000, Train Loss: 0.124113
Iter 36000, Train Loss: 0.124094
Iter 38000, Train Loss: 0.124109
Iter 40000, Train Loss: 0.124046
Iter 42000, Train Loss: 0.124012
Iter 44000, Train Loss: 0.124045
Iter 46000, Train Loss: 0.124024
Iter 48000, Train Loss: 0.124024
Iter 50000, Train Loss: 0.124003
Iter 52000, Train Loss: 0.123982
Iter 54000, Train Loss: 0.124007
Iter 56000, Train Loss: 0.123941
Iter 58000, Train Loss: 0.123932
Iter 60000, Train Loss: 0.123937
Iter 62000, Train Loss: 0.123896
Iter 64000, Train Loss: 0.123860
Iter 66000, Train Loss: 0.123850
Iter 68000, Train Loss: 0.123862
Iter 70000, Train Loss: 0.123882
Iter 72000, Train Loss: 0.123882
Iter 74000, Train Loss: 0.123902
Iter 76000, Train Loss: 0.123909
Iter 78000, Train Loss: 0.123902
Iter 80000, Train Loss: 0.123883
Iter 82000, Train Loss: 0.123871
Iter 84000, Train Loss: 0.123872
Iter 86000, Train Loss: 0.123866
Iter 88000, Train Loss: 0.123859
Iter 90000, Train Loss: 0.123832
Iter 92000, Train Loss: 0.123817
Iter 94000, Train Loss: 0.123819
Iter 96000, Train Loss: 0.123833
Iter 98000, Train Loss: 0.123840
Iter 100000, Train Loss: 0.123856
Iter 102000, Train Loss: 0.123846
Iter 104000, Train Loss: 0.123823
Iter 106000, Train Loss: 0.123819
Iter 108000, Train Loss: 0.123822
Iter 110000, Train Loss: 0.123838
Iter 112000, Train Loss: 0.123819
Iter 114000, Train Loss: 0.123826
Iter 116000, Train Loss: 0.123819
Iter 118000, Train Loss: 0.123807
Iter 120000, Train Loss: 0.123800
Iter 122000, Train Loss: 0.123812
Iter 124000, Train Loss: 0.123804
Iter 126000, Train Loss: 0.123791
Iter 128000, Train Loss: 0.123789
Iter 130000, Train Loss: 0.123784
Iter 132000, Train Loss: 0.123784
Iter 134000, Train Loss: 0.123782
Iter 136000, Train Loss: 0.123781
Iter 138000, Train Loss: 0.123762
Iter 140000, Train Loss: 0.123767
Iter 142000, Train Loss: 0.123763
Iter 144000, Train Loss: 0.123759
Iter 146000, Train Loss: 0.123758
Iter 148000, Train Loss: 0.123766
Forward Time : 992.0156507492065s
Loss Time:  87.94163155555725 Backward Time:  2460.0370485782623 Opti Time:  163.69442105293274
Update Time 1855.4335508346558
Load Time 246.10787630081177
------------------------------------------
Train Time:  5929.69966006279
Epoch: 8/10, train loss: 0.123768, test loss: 0.126894, test acc: 80.42%, test f1: 0.85. epoch time: 6385.655300378799
Self.net.train:  9.5367431640625e-07
Iter 2000, Train Loss: 0.123223
Iter 4000, Train Loss: 0.123444
Iter 6000, Train Loss: 0.123380
Iter 8000, Train Loss: 0.123226
Iter 10000, Train Loss: 0.123326
Iter 12000, Train Loss: 0.123489
Iter 14000, Train Loss: 0.123668
Iter 16000, Train Loss: 0.123646
Iter 18000, Train Loss: 0.123581
Iter 20000, Train Loss: 0.123567
Iter 22000, Train Loss: 0.123480
Iter 24000, Train Loss: 0.123513
Iter 26000, Train Loss: 0.123532
Iter 28000, Train Loss: 0.123544
Iter 30000, Train Loss: 0.123464
Iter 32000, Train Loss: 0.123387
Iter 34000, Train Loss: 0.123374
Iter 36000, Train Loss: 0.123359
Iter 38000, Train Loss: 0.123373
Iter 40000, Train Loss: 0.123314
Iter 42000, Train Loss: 0.123278
Iter 44000, Train Loss: 0.123308
Iter 46000, Train Loss: 0.123294
Iter 48000, Train Loss: 0.123295
Iter 50000, Train Loss: 0.123281
Iter 52000, Train Loss: 0.123269
Iter 54000, Train Loss: 0.123291
Iter 56000, Train Loss: 0.123230
Iter 58000, Train Loss: 0.123228
Iter 60000, Train Loss: 0.123238
Iter 62000, Train Loss: 0.123198
Iter 64000, Train Loss: 0.123162
Iter 66000, Train Loss: 0.123158
Iter 68000, Train Loss: 0.123173
Iter 70000, Train Loss: 0.123197
Iter 72000, Train Loss: 0.123198
Iter 74000, Train Loss: 0.123217
Iter 76000, Train Loss: 0.123226
Iter 78000, Train Loss: 0.123220
Iter 80000, Train Loss: 0.123203
Iter 82000, Train Loss: 0.123194
Iter 84000, Train Loss: 0.123192
Iter 86000, Train Loss: 0.123188
Iter 88000, Train Loss: 0.123180
Iter 90000, Train Loss: 0.123154
Iter 92000, Train Loss: 0.123140
Iter 94000, Train Loss: 0.123143
Iter 96000, Train Loss: 0.123155
Iter 98000, Train Loss: 0.123165
Iter 100000, Train Loss: 0.123183
Iter 102000, Train Loss: 0.123175
Iter 104000, Train Loss: 0.123155
Iter 106000, Train Loss: 0.123153
Iter 108000, Train Loss: 0.123157
Iter 110000, Train Loss: 0.123172
Iter 112000, Train Loss: 0.123155
Iter 114000, Train Loss: 0.123160
Iter 116000, Train Loss: 0.123155
Iter 118000, Train Loss: 0.123146
Iter 120000, Train Loss: 0.123139
Iter 122000, Train Loss: 0.123153
Iter 124000, Train Loss: 0.123143
Iter 126000, Train Loss: 0.123132
Iter 128000, Train Loss: 0.123129
Iter 130000, Train Loss: 0.123126
Iter 132000, Train Loss: 0.123126
Iter 134000, Train Loss: 0.123123
Iter 136000, Train Loss: 0.123121
Iter 138000, Train Loss: 0.123103
Iter 140000, Train Loss: 0.123107
Iter 142000, Train Loss: 0.123108
Iter 144000, Train Loss: 0.123104
Iter 146000, Train Loss: 0.123104
Iter 148000, Train Loss: 0.123112
Forward Time : 988.6268496513367s
Loss Time:  86.64481282234192 Backward Time:  2482.7144782543182 Opti Time:  162.09419894218445
Update Time 1859.9841327667236
Load Time 243.71217322349548
------------------------------------------
Train Time:  5947.907986164093
Epoch: 9/10, train loss: 0.123114, test loss: 0.127122, test acc: 80.02%, test f1: 0.85. epoch time: 6405.601228237152
Self.net.train:  7.152557373046875e-07
Iter 2000, Train Loss: 0.122688
Iter 4000, Train Loss: 0.122903
Iter 6000, Train Loss: 0.122781
Iter 8000, Train Loss: 0.122647
Iter 10000, Train Loss: 0.122719
Iter 12000, Train Loss: 0.122856
Iter 14000, Train Loss: 0.123028
Iter 16000, Train Loss: 0.122994
Iter 18000, Train Loss: 0.122940
Iter 20000, Train Loss: 0.122914
Iter 22000, Train Loss: 0.122836
Iter 24000, Train Loss: 0.122875
Iter 26000, Train Loss: 0.122889
Iter 28000, Train Loss: 0.122909
Iter 30000, Train Loss: 0.122832
Iter 32000, Train Loss: 0.122749
Iter 34000, Train Loss: 0.122741
Iter 36000, Train Loss: 0.122732
Iter 38000, Train Loss: 0.122744
Iter 40000, Train Loss: 0.122691
Iter 42000, Train Loss: 0.122657
Iter 44000, Train Loss: 0.122683
Iter 46000, Train Loss: 0.122669
Iter 48000, Train Loss: 0.122671
Iter 50000, Train Loss: 0.122657
Iter 52000, Train Loss: 0.122643
Iter 54000, Train Loss: 0.122669
Iter 56000, Train Loss: 0.122603
Iter 58000, Train Loss: 0.122606
Iter 60000, Train Loss: 0.122615
Iter 62000, Train Loss: 0.122574
Iter 64000, Train Loss: 0.122541
Iter 66000, Train Loss: 0.122533
Iter 68000, Train Loss: 0.122551
Iter 70000, Train Loss: 0.122572
Iter 72000, Train Loss: 0.122575
Iter 74000, Train Loss: 0.122595
Iter 76000, Train Loss: 0.122596
Iter 78000, Train Loss: 0.122592
Iter 80000, Train Loss: 0.122574
Iter 82000, Train Loss: 0.122567
Iter 84000, Train Loss: 0.122569
Iter 86000, Train Loss: 0.122567
Iter 88000, Train Loss: 0.122565
Iter 90000, Train Loss: 0.122536
Iter 92000, Train Loss: 0.122525
Iter 94000, Train Loss: 0.122527
Iter 96000, Train Loss: 0.122542
Iter 98000, Train Loss: 0.122550
Iter 100000, Train Loss: 0.122570
Iter 102000, Train Loss: 0.122562
Iter 104000, Train Loss: 0.122542
Iter 106000, Train Loss: 0.122538
Iter 108000, Train Loss: 0.122543
Iter 110000, Train Loss: 0.122562
Iter 112000, Train Loss: 0.122543
Iter 114000, Train Loss: 0.122550
Iter 116000, Train Loss: 0.122546
Iter 118000, Train Loss: 0.122537
Iter 120000, Train Loss: 0.122530
Iter 122000, Train Loss: 0.122546
Iter 124000, Train Loss: 0.122539
Iter 126000, Train Loss: 0.122530
Iter 128000, Train Loss: 0.122528
Iter 130000, Train Loss: 0.122528
Iter 132000, Train Loss: 0.122529
Iter 134000, Train Loss: 0.122529
Iter 136000, Train Loss: 0.122531
Iter 138000, Train Loss: 0.122512
Iter 140000, Train Loss: 0.122516
Iter 142000, Train Loss: 0.122517
Iter 144000, Train Loss: 0.122515
Iter 146000, Train Loss: 0.122515
Iter 148000, Train Loss: 0.122523
Forward Time : 986.8567125797272s
Loss Time:  86.67028212547302 Backward Time:  2466.2386980056763 Opti Time:  162.92436861991882
Update Time 1857.2048902511597
Load Time 243.13416576385498
------------------------------------------
Train Time:  5927.440821886063
Epoch: 10/10, train loss: 0.122526, test loss: 0.127142, test acc: 80.07%, test f1: 0.85. epoch time: 6382.136205911636
Total time: 63923.485s
