Collect Inputs...
Data Directory: ../cloud/combined_result_5class.h5
Batch Size: 128
Learning rate: 0.1
Max Number of Epochs: 10
Initialize Process Group...
Initialize Model...
Initialize Dataloaders...
Training...
Self.net.train:  7.152557373046875e-07
Iter 2000, Train Loss: 0.254985
Iter 4000, Train Loss: 0.255062
Iter 6000, Train Loss: 0.255004
Iter 8000, Train Loss: 0.254746
Iter 10000, Train Loss: 0.254657
Iter 12000, Train Loss: 0.254598
Iter 14000, Train Loss: 0.254575
Iter 16000, Train Loss: 0.254493
Iter 18000, Train Loss: 0.254504
Iter 20000, Train Loss: 0.254468
Iter 22000, Train Loss: 0.254445
Iter 24000, Train Loss: 0.254362
Iter 26000, Train Loss: 0.254372
Iter 28000, Train Loss: 0.254303
Iter 30000, Train Loss: 0.254313
Iter 32000, Train Loss: 0.254314
Iter 34000, Train Loss: 0.254346
Iter 36000, Train Loss: 0.254358
Forward Time : 175.2083878517151s
Loss Time:  15.19460654258728 Backward Time:  271.616003036499 Opti Time:  26.789647340774536
Update Time 1381.8072581291199
Load Time 60.86722803115845
------------------------------------------
Train Time:  1939.6153090000153
Epoch: 1/10, train loss: 0.254353, test loss: 0.254590, test acc: 21.87%, test f1: 0.00. epoch time: 2176.873435020447
Self.net.train:  9.5367431640625e-07
Iter 2000, Train Loss: 0.254919
Iter 4000, Train Loss: 0.255063
Iter 6000, Train Loss: 0.254989
Iter 8000, Train Loss: 0.254745
Iter 10000, Train Loss: 0.254666
Iter 12000, Train Loss: 0.254613
Iter 14000, Train Loss: 0.254595
Iter 16000, Train Loss: 0.254517
Iter 18000, Train Loss: 0.254532
Iter 20000, Train Loss: 0.254504
Iter 22000, Train Loss: 0.254488
Iter 24000, Train Loss: 0.254427
Iter 26000, Train Loss: 0.254445
Iter 28000, Train Loss: 0.254436
Iter 30000, Train Loss: 0.254442
Iter 32000, Train Loss: 0.254461
Iter 34000, Train Loss: 0.254472
Iter 36000, Train Loss: 0.254475
Forward Time : 177.14744663238525s
Loss Time:  15.376039505004883 Backward Time:  274.0448143482208 Opti Time:  27.168920516967773
Update Time 1668.078765630722
Load Time 61.91464376449585
------------------------------------------
Train Time:  2231.917628765106
Epoch: 2/10, train loss: 0.254465, test loss: 0.254594, test acc: 21.87%, test f1: 0.00. epoch time: 2492.7468202114105
Self.net.train:  9.5367431640625e-07
Iter 2000, Train Loss: 0.254897
Iter 4000, Train Loss: 0.255018
Iter 6000, Train Loss: 0.254972
Iter 8000, Train Loss: 0.254724
Iter 10000, Train Loss: 0.254644
Iter 12000, Train Loss: 0.254592
Iter 14000, Train Loss: 0.254574
Iter 16000, Train Loss: 0.254496
Iter 18000, Train Loss: 0.254511
Iter 20000, Train Loss: 0.254453
Iter 22000, Train Loss: 0.252110
Iter 24000, Train Loss: 0.246240
Iter 26000, Train Loss: 0.240211
Iter 28000, Train Loss: 0.234579
Iter 30000, Train Loss: 0.229494
Iter 32000, Train Loss: 0.224870
Iter 34000, Train Loss: 0.220675
Iter 36000, Train Loss: 0.216828
Forward Time : 182.3091914653778s
Loss Time:  15.81839370727539 Backward Time:  280.6181824207306 Opti Time:  28.15102529525757
Update Time 1620.4962992668152
Load Time 63.9738130569458
------------------------------------------
Train Time:  2199.7038843631744
Epoch: 3/10, train loss: 0.214355, test loss: 0.151439, test acc: 78.75%, test f1: 0.85. epoch time: 2434.923194885254
Self.net.train:  7.152557373046875e-07
Iter 2000, Train Loss: 0.148848
Iter 4000, Train Loss: 0.148611
Iter 6000, Train Loss: 0.148534
Iter 8000, Train Loss: 0.147902
Iter 10000, Train Loss: 0.147553
Iter 12000, Train Loss: 0.147012
Iter 14000, Train Loss: 0.146596
Iter 16000, Train Loss: 0.146199
Iter 18000, Train Loss: 0.145949
Iter 20000, Train Loss: 0.145665
Iter 22000, Train Loss: 0.145377
Iter 24000, Train Loss: 0.145024
Iter 26000, Train Loss: 0.144684
Iter 28000, Train Loss: 0.144419
Iter 30000, Train Loss: 0.144202
Iter 32000, Train Loss: 0.143957
Iter 34000, Train Loss: 0.143748
Iter 36000, Train Loss: 0.143488
Forward Time : 182.0230360031128s
Loss Time:  15.832879066467285 Backward Time:  280.86601090431213 Opti Time:  28.276882886886597
Update Time 1645.4433591365814
Load Time 65.63329601287842
------------------------------------------
Train Time:  2226.1777663230896
Epoch: 4/10, train loss: 0.143312, test loss: 0.147691, test acc: 81.47%, test f1: 0.85. epoch time: 2483.54057765007
Self.net.train:  7.152557373046875e-07
Iter 2000, Train Loss: 0.138574
Iter 4000, Train Loss: 0.138499
Iter 6000, Train Loss: 0.138696
Iter 8000, Train Loss: 0.138421
Iter 10000, Train Loss: 0.138357
Iter 12000, Train Loss: 0.138053
Iter 14000, Train Loss: 0.137892
Iter 16000, Train Loss: 0.137754
Iter 18000, Train Loss: 0.137701
Iter 20000, Train Loss: 0.137602
Iter 22000, Train Loss: 0.137507
Iter 24000, Train Loss: 0.137339
Iter 26000, Train Loss: 0.137169
Iter 28000, Train Loss: 0.137075
Iter 30000, Train Loss: 0.137001
Iter 32000, Train Loss: 0.136894
Iter 34000, Train Loss: 0.136816
Iter 36000, Train Loss: 0.136711
Forward Time : 183.06901574134827s
Loss Time:  15.89789867401123 Backward Time:  279.8907241821289 Opti Time:  28.326385736465454
Update Time 1625.1649250984192
Load Time 63.3858687877655
------------------------------------------
Train Time:  2204.130749940872
Epoch: 5/10, train loss: 0.136630, test loss: 0.149893, test acc: 83.45%, test f1: 0.86. epoch time: 2461.87881398201
Self.net.train:  7.152557373046875e-07
Iter 2000, Train Loss: 0.134585
Iter 4000, Train Loss: 0.134595
Iter 6000, Train Loss: 0.134771
Iter 8000, Train Loss: 0.134603
Iter 10000, Train Loss: 0.134585
Iter 12000, Train Loss: 0.134321
Iter 14000, Train Loss: 0.134202
Iter 16000, Train Loss: 0.134094
Iter 18000, Train Loss: 0.134095
Iter 20000, Train Loss: 0.134035
Iter 22000, Train Loss: 0.133961
Iter 24000, Train Loss: 0.133840
Iter 26000, Train Loss: 0.133726
Iter 28000, Train Loss: 0.133684
Iter 30000, Train Loss: 0.133662
Iter 32000, Train Loss: 0.133593
Iter 34000, Train Loss: 0.133566
Iter 36000, Train Loss: 0.133501
Forward Time : 174.03496956825256s
Loss Time:  15.116409540176392 Backward Time:  269.5308072566986 Opti Time:  26.677290439605713
Update Time 1615.018988609314
Load Time 61.26190781593323
------------------------------------------
Train Time:  2169.726912021637
Epoch: 6/10, train loss: 0.133461, test loss: 0.154831, test acc: 85.39%, test f1: 0.86. epoch time: 2404.5282034873962
Self.net.train:  1.1920928955078125e-06
Iter 2000, Train Loss: 0.132034
Iter 4000, Train Loss: 0.132184
Iter 6000, Train Loss: 0.132385
Iter 8000, Train Loss: 0.132253
Iter 10000, Train Loss: 0.132273
Iter 12000, Train Loss: 0.132029
Iter 14000, Train Loss: 0.131939
Iter 16000, Train Loss: 0.131862
Iter 18000, Train Loss: 0.131877
Iter 20000, Train Loss: 0.131853
Iter 22000, Train Loss: 0.131812
Iter 24000, Train Loss: 0.131721
Iter 26000, Train Loss: 0.131621
Iter 28000, Train Loss: 0.131600
Iter 30000, Train Loss: 0.131591
Iter 32000, Train Loss: 0.131535
Iter 34000, Train Loss: 0.131528
Iter 36000, Train Loss: 0.131482
Forward Time : 170.04552173614502s
Loss Time:  14.701663732528687 Backward Time:  264.5846586227417 Opti Time:  25.64455008506775
Update Time 1651.0403549671173
Load Time 62.367133378982544
------------------------------------------
Train Time:  2196.0203087329865
Epoch: 7/10, train loss: 0.131450, test loss: 0.155079, test acc: 85.93%, test f1: 0.86. epoch time: 2431.6929054260254
Self.net.train:  7.152557373046875e-07
Iter 2000, Train Loss: 0.130395
Iter 4000, Train Loss: 0.130549
Iter 6000, Train Loss: 0.130801
Iter 8000, Train Loss: 0.130710
Iter 10000, Train Loss: 0.130712
Iter 12000, Train Loss: 0.130470
Iter 14000, Train Loss: 0.130381
Iter 16000, Train Loss: 0.130305
Iter 18000, Train Loss: 0.130336
Iter 20000, Train Loss: 0.130333
Iter 22000, Train Loss: 0.130301
Iter 24000, Train Loss: 0.130219
Iter 26000, Train Loss: 0.130143
Iter 28000, Train Loss: 0.130124
Iter 30000, Train Loss: 0.130124
Iter 32000, Train Loss: 0.130071
Iter 34000, Train Loss: 0.130080
Iter 36000, Train Loss: 0.130045
Forward Time : 170.26279616355896s
Loss Time:  14.703995704650879 Backward Time:  264.60025095939636 Opti Time:  25.74201250076294
Update Time 1647.383050918579
Load Time 60.55163335800171
------------------------------------------
Train Time:  2190.9763247966766
Epoch: 8/10, train loss: 0.130021, test loss: 0.156924, test acc: 86.35%, test f1: 0.86. epoch time: 2429.6221454143524
Self.net.train:  7.152557373046875e-07
Iter 2000, Train Loss: 0.129088
Iter 4000, Train Loss: 0.129218
Iter 6000, Train Loss: 0.129505
Iter 8000, Train Loss: 0.129412
Iter 10000, Train Loss: 0.129423
Iter 12000, Train Loss: 0.129205
Iter 14000, Train Loss: 0.129121
Iter 16000, Train Loss: 0.129058
Iter 18000, Train Loss: 0.129112
Iter 20000, Train Loss: 0.129118
Iter 22000, Train Loss: 0.129093
Iter 24000, Train Loss: 0.129019
Iter 26000, Train Loss: 0.128958
Iter 28000, Train Loss: 0.128940
Iter 30000, Train Loss: 0.128951
Iter 32000, Train Loss: 0.128904
Iter 34000, Train Loss: 0.128923
Iter 36000, Train Loss: 0.128893
Forward Time : 170.96143889427185s
Loss Time:  14.824671506881714 Backward Time:  265.40139603614807 Opti Time:  25.930209636688232
Update Time 1655.1315894126892
Load Time 60.460049867630005
------------------------------------------
Train Time:  2200.6466224193573
Epoch: 9/10, train loss: 0.128878, test loss: 0.161660, test acc: 86.96%, test f1: 0.87. epoch time: 2438.94327712059
Self.net.train:  9.5367431640625e-07
Iter 2000, Train Loss: 0.128082
Iter 4000, Train Loss: 0.128268
Iter 6000, Train Loss: 0.128530
Iter 8000, Train Loss: 0.128392
Iter 10000, Train Loss: 0.128438
Iter 12000, Train Loss: 0.128218
Iter 14000, Train Loss: 0.128142
Iter 16000, Train Loss: 0.128082
Iter 18000, Train Loss: 0.128148
Iter 20000, Train Loss: 0.128169
Iter 22000, Train Loss: 0.128161
Iter 24000, Train Loss: 0.128089
Iter 26000, Train Loss: 0.128024
Iter 28000, Train Loss: 0.128015
Iter 30000, Train Loss: 0.128023
Iter 32000, Train Loss: 0.127977
Iter 34000, Train Loss: 0.128003
Iter 36000, Train Loss: 0.127981
Forward Time : 170.26151514053345s
Loss Time:  14.741052627563477 Backward Time:  264.5062599182129 Opti Time:  25.788677215576172
Update Time 1647.1877281665802
Load Time 60.89557933807373
------------------------------------------
Train Time:  2191.3330495357513
Epoch: 10/10, train loss: 0.127964, test loss: 0.159139, test acc: 86.91%, test f1: 0.87. epoch time: 2427.9955418109894
Total time: 24256.142s
