Collect Inputs...
Data Directory: ../cloud/combined_result_5class.h5
Batch Size: 512
Learning rate: 0.4
Max Number of Epochs: 10
Initialize Process Group...
Initialize Model...
Initialize Dataloaders...
Training...
Self.net.train:  7.152557373046875e-07
Iter 2000, Train Loss: 0.242737
Iter 4000, Train Loss: 0.201876
Iter 6000, Train Loss: 0.183704
Iter 8000, Train Loss: 0.173382
Forward Time : 44.77211833000183s
Loss Time:  4.116448163986206 Backward Time:  177.69066739082336 Opti Time:  7.177172660827637
Update Time 428.90313959121704
Load Time 32.23051953315735
------------------------------------------
Train Time:  698.6381278038025
Epoch: 1/10, train loss: 0.168769, test loss: 0.144249, test acc: 83.23%, test f1: 0.86. epoch time: 914.9823634624481
Self.net.train:  9.5367431640625e-07
Iter 2000, Train Loss: 0.139926
Iter 4000, Train Loss: 0.138644
Iter 6000, Train Loss: 0.138224
Iter 8000, Train Loss: 0.137519
Forward Time : 44.18911957740784s
Loss Time:  4.043170690536499 Backward Time:  179.8293652534485 Opti Time:  7.025295972824097
Update Time 469.28120970726013
Load Time 32.711771726608276
------------------------------------------
Train Time:  740.6711325645447
Epoch: 2/10, train loss: 0.137194, test loss: 0.139661, test acc: 82.81%, test f1: 0.85. epoch time: 959.5027401447296
Self.net.train:  7.152557373046875e-07
Iter 2000, Train Loss: 0.135080
Iter 4000, Train Loss: 0.134177
Iter 6000, Train Loss: 0.134078
Iter 8000, Train Loss: 0.133624
Forward Time : 44.451770544052124s
Loss Time:  4.0434088706970215 Backward Time:  178.28885865211487 Opti Time:  7.096195459365845
Update Time 462.378191947937
Load Time 31.891305208206177
------------------------------------------
Train Time:  731.8940286636353
Epoch: 3/10, train loss: 0.133453, test loss: 0.139123, test acc: 83.70%, test f1: 0.86. epoch time: 948.4994339942932
Self.net.train:  7.152557373046875e-07
Iter 2000, Train Loss: 0.132432
Iter 4000, Train Loss: 0.131682
Iter 6000, Train Loss: 0.131696
Iter 8000, Train Loss: 0.131337
Forward Time : 44.79364633560181s
Loss Time:  4.08715558052063 Backward Time:  179.25192022323608 Opti Time:  7.193002462387085
Update Time 464.42701029777527
Load Time 32.40801119804382
------------------------------------------
Train Time:  735.8884756565094
Epoch: 4/10, train loss: 0.131220, test loss: 0.139342, test acc: 83.66%, test f1: 0.86. epoch time: 950.7909412384033
Self.net.train:  1.1920928955078125e-06
Iter 2000, Train Loss: 0.130624
Iter 4000, Train Loss: 0.129930
Iter 6000, Train Loss: 0.129980
Iter 8000, Train Loss: 0.129686
Forward Time : 44.75785779953003s
Loss Time:  4.077414035797119 Backward Time:  177.7125689983368 Opti Time:  7.1709675788879395
Update Time 464.6647319793701
Load Time 32.77501559257507
------------------------------------------
Train Time:  734.8743715286255
Epoch: 5/10, train loss: 0.129596, test loss: 0.141459, test acc: 84.29%, test f1: 0.86. epoch time: 948.9777543544769
Self.net.train:  4.76837158203125e-07
Iter 2000, Train Loss: 0.129228
Iter 4000, Train Loss: 0.128596
Iter 6000, Train Loss: 0.128694
Iter 8000, Train Loss: 0.128428
Forward Time : 44.62974500656128s
Loss Time:  4.053713798522949 Backward Time:  178.0027561187744 Opti Time:  7.172873497009277
Update Time 462.32743978500366
Load Time 31.881135940551758
------------------------------------------
Train Time:  731.7766828536987
Epoch: 6/10, train loss: 0.128331, test loss: 0.142718, test acc: 84.67%, test f1: 0.86. epoch time: 946.990033864975
Self.net.train:  7.152557373046875e-07
Iter 2000, Train Loss: 0.128054
Iter 4000, Train Loss: 0.127486
Iter 6000, Train Loss: 0.127601
Iter 8000, Train Loss: 0.127363
Forward Time : 44.40076231956482s
Loss Time:  4.053204536437988 Backward Time:  179.55195307731628 Opti Time:  7.240525007247925
Update Time 456.59184432029724
Load Time 32.20638060569763
------------------------------------------
Train Time:  727.7510533332825
Epoch: 7/10, train loss: 0.127283, test loss: 0.144446, test acc: 85.20%, test f1: 0.86. epoch time: 942.2379531860352
Self.net.train:  9.5367431640625e-07
Iter 2000, Train Loss: 0.127108
Iter 4000, Train Loss: 0.126598
Iter 6000, Train Loss: 0.126737
