Collect Inputs...
Data Directory: ../data/combined_result_5class.h5
Batch Size: 128
Learning rate: 0.1
Max Number of Epochs: 10
Initialize Process Group...
Initialize Model...
Initialize Dataloaders...
Training...
Self.net.train:  7.152557373046875e-07
Iter 2000, Train Loss: 0.254841
Iter 4000, Train Loss: 0.255027
Iter 6000, Train Loss: 0.254843
Iter 8000, Train Loss: 0.253902
Iter 10000, Train Loss: 0.247300
Iter 12000, Train Loss: 0.240294
Iter 14000, Train Loss: 0.232004
Iter 16000, Train Loss: 0.224318
Iter 18000, Train Loss: 0.217771
Iter 20000, Train Loss: 0.211998
Iter 22000, Train Loss: 0.206991
Iter 24000, Train Loss: 0.202609
Iter 26000, Train Loss: 0.198844
Iter 28000, Train Loss: 0.195489
Iter 30000, Train Loss: 0.192473
Iter 32000, Train Loss: 0.189889
Iter 34000, Train Loss: 0.187516
Iter 36000, Train Loss: 0.185384
Iter 38000, Train Loss: 0.183399
Iter 40000, Train Loss: 0.181557
Iter 42000, Train Loss: 0.179860
Iter 44000, Train Loss: 0.178336
Iter 46000, Train Loss: 0.176944
Iter 48000, Train Loss: 0.175595
Iter 50000, Train Loss: 0.174359
Iter 52000, Train Loss: 0.173148
Iter 54000, Train Loss: 0.172067
Iter 56000, Train Loss: 0.171023
Iter 58000, Train Loss: 0.170069
Iter 60000, Train Loss: 0.169137
Iter 62000, Train Loss: 0.168281
Iter 64000, Train Loss: 0.167493
Iter 66000, Train Loss: 0.166704
Iter 68000, Train Loss: 0.165936
Iter 70000, Train Loss: 0.165255
Iter 72000, Train Loss: 0.164605
Iter 74000, Train Loss: 0.163962
Iter 76000, Train Loss: 0.163333
Iter 78000, Train Loss: 0.162732
Iter 80000, Train Loss: 0.162192
Iter 82000, Train Loss: 0.161642
Iter 84000, Train Loss: 0.161123
Iter 86000, Train Loss: 0.160612
Iter 88000, Train Loss: 0.160161
Iter 90000, Train Loss: 0.159698
Iter 92000, Train Loss: 0.159255
Iter 94000, Train Loss: 0.158829
Iter 96000, Train Loss: 0.158429
Iter 98000, Train Loss: 0.158023
Iter 100000, Train Loss: 0.157630
Iter 102000, Train Loss: 0.157255
Iter 104000, Train Loss: 0.156888
Iter 106000, Train Loss: 0.156543
Iter 108000, Train Loss: 0.156202
Iter 110000, Train Loss: 0.155873
Iter 112000, Train Loss: 0.155551
Iter 114000, Train Loss: 0.155251
Iter 116000, Train Loss: 0.154951
Iter 118000, Train Loss: 0.154650
Iter 120000, Train Loss: 0.154355
Iter 122000, Train Loss: 0.154079
Iter 124000, Train Loss: 0.153801
Iter 126000, Train Loss: 0.153519
Iter 128000, Train Loss: 0.153252
Iter 130000, Train Loss: 0.152990
Iter 132000, Train Loss: 0.152741
Iter 134000, Train Loss: 0.152498
Iter 136000, Train Loss: 0.152261
Iter 138000, Train Loss: 0.152036
Iter 140000, Train Loss: 0.151808
Iter 142000, Train Loss: 0.151597
Iter 144000, Train Loss: 0.151384
Iter 146000, Train Loss: 0.151176
Iter 148000, Train Loss: 0.150965
Forward Time : 604.9034161567688s
Loss Time:  55.772348165512085 Backward Time:  1257.7983357906342 Opti Time:  94.44708633422852
Update Time 1155.3914432525635
Load Time 450.63168001174927
------------------------------------------
Train Time:  3645.882596731186
Epoch: 1/10, train loss: 0.150812, test loss: 0.134788, test acc: 81.41%, test f1: 0.85. epoch time: 3839.7908222675323
Self.net.train:  9.5367431640625e-07
Iter 2000, Train Loss: 0.135761
Iter 4000, Train Loss: 0.135861
Iter 6000, Train Loss: 0.135978
Iter 8000, Train Loss: 0.135623
Iter 10000, Train Loss: 0.135418
Iter 12000, Train Loss: 0.135442
Iter 14000, Train Loss: 0.135303
Iter 16000, Train Loss: 0.135193
Iter 18000, Train Loss: 0.135292
Iter 20000, Train Loss: 0.135307
Iter 22000, Train Loss: 0.135282
Iter 24000, Train Loss: 0.135191
Iter 26000, Train Loss: 0.135174
Iter 28000, Train Loss: 0.135154
Iter 30000, Train Loss: 0.135108
Iter 32000, Train Loss: 0.135135
Iter 34000, Train Loss: 0.135117
Iter 36000, Train Loss: 0.135106
Iter 38000, Train Loss: 0.135060
Iter 40000, Train Loss: 0.135026
Iter 42000, Train Loss: 0.134949
Iter 44000, Train Loss: 0.134917
Iter 46000, Train Loss: 0.134906
Iter 48000, Train Loss: 0.134838
Iter 50000, Train Loss: 0.134805
Iter 52000, Train Loss: 0.134732
Iter 54000, Train Loss: 0.134695
Iter 56000, Train Loss: 0.134639
Iter 58000, Train Loss: 0.134621
Iter 60000, Train Loss: 0.134552
Iter 62000, Train Loss: 0.134524
Iter 64000, Train Loss: 0.134516
Iter 66000, Train Loss: 0.134481
Iter 68000, Train Loss: 0.134414
Iter 70000, Train Loss: 0.134397
Iter 72000, Train Loss: 0.134379
Iter 74000, Train Loss: 0.134335
Iter 76000, Train Loss: 0.134284
Iter 78000, Train Loss: 0.134233
Iter 80000, Train Loss: 0.134220
Iter 82000, Train Loss: 0.134176
Iter 84000, Train Loss: 0.134141
Iter 86000, Train Loss: 0.134098
Iter 88000, Train Loss: 0.134080
Iter 90000, Train Loss: 0.134048
Iter 92000, Train Loss: 0.134017
Iter 94000, Train Loss: 0.133990
Iter 96000, Train Loss: 0.133970
Iter 98000, Train Loss: 0.133928
Iter 100000, Train Loss: 0.133896
Iter 102000, Train Loss: 0.133867
Iter 104000, Train Loss: 0.133826
Iter 106000, Train Loss: 0.133802
Iter 108000, Train Loss: 0.133776
Iter 110000, Train Loss: 0.133746
Iter 112000, Train Loss: 0.133720
Iter 114000, Train Loss: 0.133705
Iter 116000, Train Loss: 0.133682
Iter 118000, Train Loss: 0.133650
Iter 120000, Train Loss: 0.133616
Iter 122000, Train Loss: 0.133591
Iter 124000, Train Loss: 0.133560
Iter 126000, Train Loss: 0.133517
Iter 128000, Train Loss: 0.133484
Iter 130000, Train Loss: 0.133448
Iter 132000, Train Loss: 0.133422
Iter 134000, Train Loss: 0.133392
Iter 136000, Train Loss: 0.133364
Iter 138000, Train Loss: 0.133344
Iter 140000, Train Loss: 0.133317
Iter 142000, Train Loss: 0.133302
Iter 144000, Train Loss: 0.133278
Iter 146000, Train Loss: 0.133257
Iter 148000, Train Loss: 0.133224
Forward Time : 603.1620616912842s
Loss Time:  55.4649817943573 Backward Time:  1242.507563829422 Opti Time:  93.42583537101746
Update Time 1156.4301581382751
Load Time 171.9207944869995
------------------------------------------
Train Time:  3350.3739953041077
Epoch: 2/10, train loss: 0.133209, test loss: 0.131340, test acc: 83.48%, test f1: 0.86. epoch time: 3542.2791755199432
Self.net.train:  7.152557373046875e-07
Iter 2000, Train Loss: 0.131294
Iter 4000, Train Loss: 0.131371
Iter 6000, Train Loss: 0.131596
Iter 8000, Train Loss: 0.131278
Iter 10000, Train Loss: 0.131067
Iter 12000, Train Loss: 0.131146
Iter 14000, Train Loss: 0.131032
Iter 16000, Train Loss: 0.130926
Iter 18000, Train Loss: 0.131009
Iter 20000, Train Loss: 0.131027
Iter 22000, Train Loss: 0.131009
Iter 24000, Train Loss: 0.130926
Iter 26000, Train Loss: 0.130917
Iter 28000, Train Loss: 0.130920
Iter 30000, Train Loss: 0.130908
Iter 32000, Train Loss: 0.130971
Iter 34000, Train Loss: 0.130967
Iter 36000, Train Loss: 0.131001
Iter 38000, Train Loss: 0.130977
Iter 40000, Train Loss: 0.130956
Iter 42000, Train Loss: 0.130916
Iter 44000, Train Loss: 0.130898
Iter 46000, Train Loss: 0.130899
Iter 48000, Train Loss: 0.130846
Iter 50000, Train Loss: 0.130833
Iter 52000, Train Loss: 0.130767
Iter 54000, Train Loss: 0.130743
Iter 56000, Train Loss: 0.130707
Iter 58000, Train Loss: 0.130711
Iter 60000, Train Loss: 0.130664
Iter 62000, Train Loss: 0.130649
Iter 64000, Train Loss: 0.130658
Iter 66000, Train Loss: 0.130637
Iter 68000, Train Loss: 0.130590
Iter 70000, Train Loss: 0.130588
Iter 72000, Train Loss: 0.130585
Iter 74000, Train Loss: 0.130564
Iter 76000, Train Loss: 0.130531
Iter 78000, Train Loss: 0.130492
Iter 80000, Train Loss: 0.130494
Iter 82000, Train Loss: 0.130459
Iter 84000, Train Loss: 0.130443
Iter 86000, Train Loss: 0.130414
Iter 88000, Train Loss: 0.130411
Iter 90000, Train Loss: 0.130398
Iter 92000, Train Loss: 0.130381
Iter 94000, Train Loss: 0.130366
Iter 96000, Train Loss: 0.130359
Iter 98000, Train Loss: 0.130328
Iter 100000, Train Loss: 0.130308
Iter 102000, Train Loss: 0.130290
Iter 104000, Train Loss: 0.130259
Iter 106000, Train Loss: 0.130248
Iter 108000, Train Loss: 0.130238
Iter 110000, Train Loss: 0.130221
Iter 112000, Train Loss: 0.130209
Iter 114000, Train Loss: 0.130208
Iter 116000, Train Loss: 0.130195
Iter 118000, Train Loss: 0.130177
Iter 120000, Train Loss: 0.130156
Iter 122000, Train Loss: 0.130143
Iter 124000, Train Loss: 0.130121
Iter 126000, Train Loss: 0.130091
Iter 128000, Train Loss: 0.130072
Iter 130000, Train Loss: 0.130052
Iter 132000, Train Loss: 0.130037
Iter 134000, Train Loss: 0.130018
Iter 136000, Train Loss: 0.130004
Iter 138000, Train Loss: 0.129996
Iter 140000, Train Loss: 0.129984
Iter 142000, Train Loss: 0.129979
Iter 144000, Train Loss: 0.129968
Iter 146000, Train Loss: 0.129958
Iter 148000, Train Loss: 0.129933
Forward Time : 603.435418844223s
Loss Time:  55.630168199539185 Backward Time:  1271.6875791549683 Opti Time:  94.1141095161438
Update Time 1155.689239025116
Load Time 171.89835214614868
------------------------------------------
Train Time:  3379.814957141876
Epoch: 3/10, train loss: 0.129927, test loss: 0.128890, test acc: 83.59%, test f1: 0.86. epoch time: 3572.7404839992523
Self.net.train:  7.152557373046875e-07
Iter 2000, Train Loss: 0.128744
Iter 4000, Train Loss: 0.128927
Iter 6000, Train Loss: 0.129026
Iter 8000, Train Loss: 0.128742
Iter 10000, Train Loss: 0.128558
Iter 12000, Train Loss: 0.128659
Iter 14000, Train Loss: 0.128541
Iter 16000, Train Loss: 0.128473
Iter 18000, Train Loss: 0.128582
Iter 20000, Train Loss: 0.128615
Iter 22000, Train Loss: 0.128595
Iter 24000, Train Loss: 0.128516
Iter 26000, Train Loss: 0.128528
Iter 28000, Train Loss: 0.128557
Iter 30000, Train Loss: 0.128559
Iter 32000, Train Loss: 0.128617
Iter 34000, Train Loss: 0.128635
Iter 36000, Train Loss: 0.128662
Iter 38000, Train Loss: 0.128651
Iter 40000, Train Loss: 0.128641
Iter 42000, Train Loss: 0.128602
Iter 44000, Train Loss: 0.128602
Iter 46000, Train Loss: 0.128600
Iter 48000, Train Loss: 0.128563
Iter 50000, Train Loss: 0.128557
Iter 52000, Train Loss: 0.128502
Iter 54000, Train Loss: 0.128487
Iter 56000, Train Loss: 0.128461
Iter 58000, Train Loss: 0.128467
Iter 60000, Train Loss: 0.128424
Iter 62000, Train Loss: 0.128412
Iter 64000, Train Loss: 0.128421
Iter 66000, Train Loss: 0.128410
Iter 68000, Train Loss: 0.128374
Iter 70000, Train Loss: 0.128372
Iter 72000, Train Loss: 0.128376
Iter 74000, Train Loss: 0.128356
Iter 76000, Train Loss: 0.128333
Iter 78000, Train Loss: 0.128308
Iter 80000, Train Loss: 0.128313
Iter 82000, Train Loss: 0.128284
Iter 84000, Train Loss: 0.128271
Iter 86000, Train Loss: 0.128244
Iter 88000, Train Loss: 0.128250
Iter 90000, Train Loss: 0.128244
Iter 92000, Train Loss: 0.128233
Iter 94000, Train Loss: 0.128222
Iter 96000, Train Loss: 0.128225
Iter 98000, Train Loss: 0.128198
Iter 100000, Train Loss: 0.128190
Iter 102000, Train Loss: 0.128181
Iter 104000, Train Loss: 0.128158
Iter 106000, Train Loss: 0.128153
Iter 108000, Train Loss: 0.128149
Iter 110000, Train Loss: 0.128135
Iter 112000, Train Loss: 0.128127
Iter 114000, Train Loss: 0.128128
Iter 116000, Train Loss: 0.128123
Iter 118000, Train Loss: 0.128107
Iter 120000, Train Loss: 0.128093
Iter 122000, Train Loss: 0.128085
Iter 124000, Train Loss: 0.128069
Iter 126000, Train Loss: 0.128044
Iter 128000, Train Loss: 0.128030
Iter 130000, Train Loss: 0.128014
Iter 132000, Train Loss: 0.128003
Iter 134000, Train Loss: 0.127990
Iter 136000, Train Loss: 0.127979
Iter 138000, Train Loss: 0.127974
Iter 140000, Train Loss: 0.127965
Iter 142000, Train Loss: 0.127965
Iter 144000, Train Loss: 0.127962
Iter 146000, Train Loss: 0.127954
Iter 148000, Train Loss: 0.127933
Forward Time : 604.3568484783173s
Loss Time:  55.691232442855835 Backward Time:  1266.9659810066223 Opti Time:  94.4109559059143
Update Time 1155.2730238437653
Load Time 172.8787019252777
------------------------------------------
Train Time:  3377.7325880527496
Epoch: 4/10, train loss: 0.127932, test loss: 0.127537, test acc: 83.73%, test f1: 0.86. epoch time: 3570.939419746399
Self.net.train:  1.1920928955078125e-06
Iter 2000, Train Loss: 0.127090
Iter 4000, Train Loss: 0.127337
Iter 6000, Train Loss: 0.127416
Iter 8000, Train Loss: 0.127088
Iter 10000, Train Loss: 0.126950
Iter 12000, Train Loss: 0.127047
Iter 14000, Train Loss: 0.126957
Iter 16000, Train Loss: 0.126882
Iter 18000, Train Loss: 0.126986
Iter 20000, Train Loss: 0.127014
Iter 22000, Train Loss: 0.127015
Iter 24000, Train Loss: 0.126947
Iter 26000, Train Loss: 0.126939
Iter 28000, Train Loss: 0.126972
Iter 30000, Train Loss: 0.126975
Iter 32000, Train Loss: 0.127030
Iter 34000, Train Loss: 0.127041
Iter 36000, Train Loss: 0.127070
Iter 38000, Train Loss: 0.127055
Iter 40000, Train Loss: 0.127053
Iter 42000, Train Loss: 0.127019
Iter 44000, Train Loss: 0.127016
Iter 46000, Train Loss: 0.127028
Iter 48000, Train Loss: 0.126991
Iter 50000, Train Loss: 0.126982
Iter 52000, Train Loss: 0.126937
Iter 54000, Train Loss: 0.126928
Iter 56000, Train Loss: 0.126912
Iter 58000, Train Loss: 0.126921
Iter 60000, Train Loss: 0.126890
Iter 62000, Train Loss: 0.126887
Iter 64000, Train Loss: 0.126901
Iter 66000, Train Loss: 0.126892
Iter 68000, Train Loss: 0.126860
Iter 70000, Train Loss: 0.126869
Iter 72000, Train Loss: 0.126877
Iter 74000, Train Loss: 0.126862
Iter 76000, Train Loss: 0.126839
Iter 78000, Train Loss: 0.126810
Iter 80000, Train Loss: 0.126817
Iter 82000, Train Loss: 0.126791
Iter 84000, Train Loss: 0.126777
Iter 86000, Train Loss: 0.126756
Iter 88000, Train Loss: 0.126762
Iter 90000, Train Loss: 0.126757
Iter 92000, Train Loss: 0.126750
Iter 94000, Train Loss: 0.126744
Iter 96000, Train Loss: 0.126751
Iter 98000, Train Loss: 0.126725
Iter 100000, Train Loss: 0.126719
Iter 102000, Train Loss: 0.126716
Iter 104000, Train Loss: 0.126695
Iter 106000, Train Loss: 0.126695
Iter 108000, Train Loss: 0.126692
Iter 110000, Train Loss: 0.126677
Iter 112000, Train Loss: 0.126674
Iter 114000, Train Loss: 0.126680
Iter 116000, Train Loss: 0.126676
Iter 118000, Train Loss: 0.126664
Iter 120000, Train Loss: 0.126651
Iter 122000, Train Loss: 0.126646
Iter 124000, Train Loss: 0.126630
Iter 126000, Train Loss: 0.126610
Iter 128000, Train Loss: 0.126600
Iter 130000, Train Loss: 0.126585
Iter 132000, Train Loss: 0.126577
Iter 134000, Train Loss: 0.126568
Iter 136000, Train Loss: 0.126559
Iter 138000, Train Loss: 0.126559
Iter 140000, Train Loss: 0.126552
Iter 142000, Train Loss: 0.126551
Iter 144000, Train Loss: 0.126548
Iter 146000, Train Loss: 0.126546
Iter 148000, Train Loss: 0.126527
Forward Time : 603.9570581912994s
Loss Time:  55.517985582351685 Backward Time:  1298.1069631576538 Opti Time:  93.82217836380005
Update Time 1155.9614527225494
Load Time 176.22077012062073
------------------------------------------
Train Time:  3410.9026103019714
Epoch: 5/10, train loss: 0.126526, test loss: 0.126627, test acc: 84.36%, test f1: 0.86. epoch time: 3605.1360886096954
Self.net.train:  9.5367431640625e-07
Iter 2000, Train Loss: 0.125843
Iter 4000, Train Loss: 0.126036
Iter 6000, Train Loss: 0.126093
Iter 8000, Train Loss: 0.125803
Iter 10000, Train Loss: 0.125663
Iter 12000, Train Loss: 0.125821
Iter 14000, Train Loss: 0.125715
Iter 16000, Train Loss: 0.125657
Iter 18000, Train Loss: 0.125769
Iter 20000, Train Loss: 0.125796
Iter 22000, Train Loss: 0.125796
Iter 24000, Train Loss: 0.125728
Iter 26000, Train Loss: 0.125738
Iter 28000, Train Loss: 0.125791
Iter 30000, Train Loss: 0.125815
Iter 32000, Train Loss: 0.125878
Iter 34000, Train Loss: 0.125899
Iter 36000, Train Loss: 0.125927
Iter 38000, Train Loss: 0.125920
Iter 40000, Train Loss: 0.125919
Iter 42000, Train Loss: 0.125884
Iter 44000, Train Loss: 0.125883
Iter 46000, Train Loss: 0.125895
Iter 48000, Train Loss: 0.125865
Iter 50000, Train Loss: 0.125857
Iter 52000, Train Loss: 0.125816
Iter 54000, Train Loss: 0.125807
Iter 56000, Train Loss: 0.125783
Iter 58000, Train Loss: 0.125800
Iter 60000, Train Loss: 0.125767
Iter 62000, Train Loss: 0.125767
Iter 64000, Train Loss: 0.125776
Iter 66000, Train Loss: 0.125772
Iter 68000, Train Loss: 0.125745
Iter 70000, Train Loss: 0.125748
Iter 72000, Train Loss: 0.125756
Iter 74000, Train Loss: 0.125740
Iter 76000, Train Loss: 0.125719
Iter 78000, Train Loss: 0.125693
Iter 80000, Train Loss: 0.125702
Iter 82000, Train Loss: 0.125676
Iter 84000, Train Loss: 0.125666
Iter 86000, Train Loss: 0.125648
Iter 88000, Train Loss: 0.125655
Iter 90000, Train Loss: 0.125656
Iter 92000, Train Loss: 0.125645
Iter 94000, Train Loss: 0.125643
Iter 96000, Train Loss: 0.125649
Iter 98000, Train Loss: 0.125623
Iter 100000, Train Loss: 0.125619
Iter 102000, Train Loss: 0.125616
Iter 104000, Train Loss: 0.125598
Iter 106000, Train Loss: 0.125595
Iter 108000, Train Loss: 0.125594
Iter 110000, Train Loss: 0.125580
Iter 112000, Train Loss: 0.125575
Iter 114000, Train Loss: 0.125581
Iter 116000, Train Loss: 0.125579
Iter 118000, Train Loss: 0.125568
Iter 120000, Train Loss: 0.125556
Iter 122000, Train Loss: 0.125553
Iter 124000, Train Loss: 0.125539
Iter 126000, Train Loss: 0.125519
Iter 128000, Train Loss: 0.125509
Iter 130000, Train Loss: 0.125495
Iter 132000, Train Loss: 0.125490
Iter 134000, Train Loss: 0.125481
Iter 136000, Train Loss: 0.125474
Iter 138000, Train Loss: 0.125477
Iter 140000, Train Loss: 0.125472
Iter 142000, Train Loss: 0.125472
Iter 144000, Train Loss: 0.125472
Iter 146000, Train Loss: 0.125471
Iter 148000, Train Loss: 0.125455
Forward Time : 602.4622752666473s
Loss Time:  55.540773153305054 Backward Time:  1234.2107293605804 Opti Time:  94.0960099697113
Update Time 1155.9016876220703
Load Time 171.962904214859
------------------------------------------
Train Time:  3341.94921207428
Epoch: 6/10, train loss: 0.125456, test loss: 0.125799, test acc: 84.29%, test f1: 0.86. epoch time: 3534.1498458385468
Self.net.train:  7.152557373046875e-07
Iter 2000, Train Loss: 0.124853
Iter 4000, Train Loss: 0.125004
Iter 6000, Train Loss: 0.125117
Iter 8000, Train Loss: 0.124798
Iter 10000, Train Loss: 0.124696
Iter 12000, Train Loss: 0.124871
Iter 14000, Train Loss: 0.124760
Iter 16000, Train Loss: 0.124685
Iter 18000, Train Loss: 0.124818
Iter 20000, Train Loss: 0.124846
Iter 22000, Train Loss: 0.124829
Iter 24000, Train Loss: 0.124774
Iter 26000, Train Loss: 0.124788
Iter 28000, Train Loss: 0.124833
Iter 30000, Train Loss: 0.124860
Iter 32000, Train Loss: 0.124928
Iter 34000, Train Loss: 0.124947
Iter 36000, Train Loss: 0.124975
Iter 38000, Train Loss: 0.124973
Iter 40000, Train Loss: 0.124985
Iter 42000, Train Loss: 0.124942
Iter 44000, Train Loss: 0.124940
Iter 46000, Train Loss: 0.124953
Iter 48000, Train Loss: 0.124922
Iter 50000, Train Loss: 0.124910
Iter 52000, Train Loss: 0.124868
Iter 54000, Train Loss: 0.124867
Iter 56000, Train Loss: 0.124847
Iter 58000, Train Loss: 0.124857
Iter 60000, Train Loss: 0.124830
Iter 62000, Train Loss: 0.124828
Iter 64000, Train Loss: 0.124843
Iter 66000, Train Loss: 0.124839
Iter 68000, Train Loss: 0.124813
Iter 70000, Train Loss: 0.124822
Iter 72000, Train Loss: 0.124831
Iter 74000, Train Loss: 0.124820
Iter 76000, Train Loss: 0.124802
Iter 78000, Train Loss: 0.124778
Iter 80000, Train Loss: 0.124786
Iter 82000, Train Loss: 0.124765
Iter 84000, Train Loss: 0.124758
Iter 86000, Train Loss: 0.124740
Iter 88000, Train Loss: 0.124750
Iter 90000, Train Loss: 0.124750
Iter 92000, Train Loss: 0.124745
Iter 94000, Train Loss: 0.124741
Iter 96000, Train Loss: 0.124749
Iter 98000, Train Loss: 0.124725
Iter 100000, Train Loss: 0.124724
Iter 102000, Train Loss: 0.124719
Iter 104000, Train Loss: 0.124703
Iter 106000, Train Loss: 0.124704
Iter 108000, Train Loss: 0.124705
Iter 110000, Train Loss: 0.124692
Iter 112000, Train Loss: 0.124689
Iter 114000, Train Loss: 0.124700
Iter 116000, Train Loss: 0.124703
Iter 118000, Train Loss: 0.124696
Iter 120000, Train Loss: 0.124684
Iter 122000, Train Loss: 0.124681
Iter 124000, Train Loss: 0.124666
Iter 126000, Train Loss: 0.124650
Iter 128000, Train Loss: 0.124643
Iter 130000, Train Loss: 0.124631
Iter 132000, Train Loss: 0.124627
Iter 134000, Train Loss: 0.124624
Iter 136000, Train Loss: 0.124619
Iter 138000, Train Loss: 0.124621
Iter 140000, Train Loss: 0.124619
Iter 142000, Train Loss: 0.124618
Iter 144000, Train Loss: 0.124618
Iter 146000, Train Loss: 0.124620
Iter 148000, Train Loss: 0.124605
Forward Time : 606.4703915119171s
Loss Time:  55.86913585662842 Backward Time:  1260.779987335205 Opti Time:  94.52411842346191
Update Time 1155.2718951702118
Load Time 172.63044834136963
------------------------------------------
Train Time:  3373.0512108802795
Epoch: 7/10, train loss: 0.124608, test loss: 0.125335, test acc: 84.22%, test f1: 0.86. epoch time: 3564.928952217102
Self.net.train:  1.1920928955078125e-06
Iter 2000, Train Loss: 0.124107
Iter 4000, Train Loss: 0.124309
Iter 6000, Train Loss: 0.124375
Iter 8000, Train Loss: 0.124008
Iter 10000, Train Loss: 0.123896
Iter 12000, Train Loss: 0.124068
Iter 14000, Train Loss: 0.123973
Iter 16000, Train Loss: 0.123898
Iter 18000, Train Loss: 0.124021
Iter 20000, Train Loss: 0.124049
Iter 22000, Train Loss: 0.124039
Iter 24000, Train Loss: 0.123972
Iter 26000, Train Loss: 0.123987
Iter 28000, Train Loss: 0.124033
Iter 30000, Train Loss: 0.124065
Iter 32000, Train Loss: 0.124124
Iter 34000, Train Loss: 0.124146
Iter 36000, Train Loss: 0.124176
Iter 38000, Train Loss: 0.124182
Iter 40000, Train Loss: 0.124194
Iter 42000, Train Loss: 0.124167
Iter 44000, Train Loss: 0.124171
Iter 46000, Train Loss: 0.124189
Iter 48000, Train Loss: 0.124160
Iter 50000, Train Loss: 0.124155
Iter 52000, Train Loss: 0.124111
Iter 54000, Train Loss: 0.124108
Iter 56000, Train Loss: 0.124095
Iter 58000, Train Loss: 0.124107
Iter 60000, Train Loss: 0.124083
Iter 62000, Train Loss: 0.124082
Iter 64000, Train Loss: 0.124095
Iter 66000, Train Loss: 0.124093
Iter 68000, Train Loss: 0.124073
Iter 70000, Train Loss: 0.124083
Iter 72000, Train Loss: 0.124095
Iter 74000, Train Loss: 0.124078
Iter 76000, Train Loss: 0.124057
Iter 78000, Train Loss: 0.124033
Iter 80000, Train Loss: 0.124042
Iter 82000, Train Loss: 0.124023
Iter 84000, Train Loss: 0.124019
Iter 86000, Train Loss: 0.124001
Iter 88000, Train Loss: 0.124010
Iter 90000, Train Loss: 0.124013
Iter 92000, Train Loss: 0.124010
Iter 94000, Train Loss: 0.124007
Iter 96000, Train Loss: 0.124016
Iter 98000, Train Loss: 0.123992
Iter 100000, Train Loss: 0.123992
Iter 102000, Train Loss: 0.123988
Iter 104000, Train Loss: 0.123976
Iter 106000, Train Loss: 0.123976
Iter 108000, Train Loss: 0.123976
Iter 110000, Train Loss: 0.123961
Iter 112000, Train Loss: 0.123965
Iter 114000, Train Loss: 0.123975
Iter 116000, Train Loss: 0.123976
Iter 118000, Train Loss: 0.123964
Iter 120000, Train Loss: 0.123953
Iter 122000, Train Loss: 0.123950
Iter 124000, Train Loss: 0.123937
Iter 126000, Train Loss: 0.123921
Iter 128000, Train Loss: 0.123915
Iter 130000, Train Loss: 0.123904
Iter 132000, Train Loss: 0.123902
Iter 134000, Train Loss: 0.123898
Iter 136000, Train Loss: 0.123893
Iter 138000, Train Loss: 0.123898
Iter 140000, Train Loss: 0.123895
Iter 142000, Train Loss: 0.123895
Iter 144000, Train Loss: 0.123898
Iter 146000, Train Loss: 0.123899
Iter 148000, Train Loss: 0.123882
Forward Time : 603.7939360141754s
Loss Time:  55.49869894981384 Backward Time:  1261.4380822181702 Opti Time:  94.08381867408752
Update Time 1155.8227059841156
Load Time 172.17177534103394
------------------------------------------
Train Time:  3370.642532348633
Epoch: 8/10, train loss: 0.123885, test loss: 0.125117, test acc: 84.76%, test f1: 0.86. epoch time: 3564.6401946544647
Self.net.train:  9.5367431640625e-07
Iter 2000, Train Loss: 0.123476
Iter 4000, Train Loss: 0.123636
Iter 6000, Train Loss: 0.123747
Iter 8000, Train Loss: 0.123432
Iter 10000, Train Loss: 0.123334
Iter 12000, Train Loss: 0.123471
Iter 14000, Train Loss: 0.123345
Iter 16000, Train Loss: 0.123276
Iter 18000, Train Loss: 0.123402
Iter 20000, Train Loss: 0.123435
Iter 22000, Train Loss: 0.123425
Iter 24000, Train Loss: 0.123356
Iter 26000, Train Loss: 0.123366
Iter 28000, Train Loss: 0.123411
Iter 30000, Train Loss: 0.123438
Iter 32000, Train Loss: 0.123494
Iter 34000, Train Loss: 0.123515
Iter 36000, Train Loss: 0.123537
Iter 38000, Train Loss: 0.123542
Iter 40000, Train Loss: 0.123547
Iter 42000, Train Loss: 0.123517
Iter 44000, Train Loss: 0.123519
Iter 46000, Train Loss: 0.123536
Iter 48000, Train Loss: 0.123506
Iter 50000, Train Loss: 0.123497
Iter 52000, Train Loss: 0.123453
Iter 54000, Train Loss: 0.123449
Iter 56000, Train Loss: 0.123435
Iter 58000, Train Loss: 0.123446
Iter 60000, Train Loss: 0.123416
Iter 62000, Train Loss: 0.123413
Iter 64000, Train Loss: 0.123425
Iter 66000, Train Loss: 0.123429
Iter 68000, Train Loss: 0.123404
Iter 70000, Train Loss: 0.123410
Iter 72000, Train Loss: 0.123420
Iter 74000, Train Loss: 0.123411
Iter 76000, Train Loss: 0.123396
Iter 78000, Train Loss: 0.123374
Iter 80000, Train Loss: 0.123382
Iter 82000, Train Loss: 0.123362
Iter 84000, Train Loss: 0.123355
Iter 86000, Train Loss: 0.123335
Iter 88000, Train Loss: 0.123345
Iter 90000, Train Loss: 0.123351
Iter 92000, Train Loss: 0.123352
Iter 94000, Train Loss: 0.123350
Iter 96000, Train Loss: 0.123361
Iter 98000, Train Loss: 0.123338
Iter 100000, Train Loss: 0.123336
Iter 102000, Train Loss: 0.123334
Iter 104000, Train Loss: 0.123322
Iter 106000, Train Loss: 0.123323
Iter 108000, Train Loss: 0.123324
Iter 110000, Train Loss: 0.123310
Iter 112000, Train Loss: 0.123309
Iter 114000, Train Loss: 0.123321
Iter 116000, Train Loss: 0.123323
Iter 118000, Train Loss: 0.123313
Iter 120000, Train Loss: 0.123302
Iter 122000, Train Loss: 0.123299
Iter 124000, Train Loss: 0.123288
Iter 126000, Train Loss: 0.123272
Iter 128000, Train Loss: 0.123267
Iter 130000, Train Loss: 0.123258
Iter 132000, Train Loss: 0.123257
Iter 134000, Train Loss: 0.123253
Iter 136000, Train Loss: 0.123249
Iter 138000, Train Loss: 0.123255
Iter 140000, Train Loss: 0.123252
Iter 142000, Train Loss: 0.123252
Iter 144000, Train Loss: 0.123259
Iter 146000, Train Loss: 0.123262
Iter 148000, Train Loss: 0.123249
Forward Time : 604.9962387084961s
Loss Time:  55.82317614555359 Backward Time:  1240.051594734192 Opti Time:  93.66619181632996
Update Time 1156.088634967804
Load Time 173.06424021720886
------------------------------------------
Train Time:  3351.148498773575
Epoch: 9/10, train loss: 0.123253, test loss: 0.124530, test acc: 84.43%, test f1: 0.86. epoch time: 3544.9772930145264
Self.net.train:  9.5367431640625e-07
Iter 2000, Train Loss: 0.122973
Iter 4000, Train Loss: 0.123153
Iter 6000, Train Loss: 0.123214
Iter 8000, Train Loss: 0.122882
Iter 10000, Train Loss: 0.122775
Iter 12000, Train Loss: 0.122881
Iter 14000, Train Loss: 0.122779
Iter 16000, Train Loss: 0.122711
Iter 18000, Train Loss: 0.122837
Iter 20000, Train Loss: 0.122860
Iter 22000, Train Loss: 0.122854
Iter 24000, Train Loss: 0.122806
Iter 26000, Train Loss: 0.122802
Iter 28000, Train Loss: 0.122854
Iter 30000, Train Loss: 0.122885
Iter 32000, Train Loss: 0.122953
Iter 34000, Train Loss: 0.122967
Iter 36000, Train Loss: 0.122992
Iter 38000, Train Loss: 0.123000
Iter 40000, Train Loss: 0.123003
Iter 42000, Train Loss: 0.122968
Iter 44000, Train Loss: 0.122976
Iter 46000, Train Loss: 0.122995
Iter 48000, Train Loss: 0.122962
Iter 50000, Train Loss: 0.122947
Iter 52000, Train Loss: 0.122909
Iter 54000, Train Loss: 0.122911
Iter 56000, Train Loss: 0.122893
Iter 58000, Train Loss: 0.122900
Iter 60000, Train Loss: 0.122865
Iter 62000, Train Loss: 0.122867
Iter 64000, Train Loss: 0.122878
Iter 66000, Train Loss: 0.122880
Iter 68000, Train Loss: 0.122856
Iter 70000, Train Loss: 0.122863
Iter 72000, Train Loss: 0.122878
Iter 74000, Train Loss: 0.122866
Iter 76000, Train Loss: 0.122855
Iter 78000, Train Loss: 0.122829
Iter 80000, Train Loss: 0.122833
Iter 82000, Train Loss: 0.122815
Iter 84000, Train Loss: 0.122808
Iter 86000, Train Loss: 0.122788
Iter 88000, Train Loss: 0.122797
Iter 90000, Train Loss: 0.122802
Iter 92000, Train Loss: 0.122804
Iter 94000, Train Loss: 0.122802
Iter 96000, Train Loss: 0.122809
Iter 98000, Train Loss: 0.122785
Iter 100000, Train Loss: 0.122785
Iter 102000, Train Loss: 0.122783
Iter 104000, Train Loss: 0.122770
Iter 106000, Train Loss: 0.122774
Iter 108000, Train Loss: 0.122775
Iter 110000, Train Loss: 0.122762
Iter 112000, Train Loss: 0.122763
Iter 114000, Train Loss: 0.122774
Iter 116000, Train Loss: 0.122778
Iter 118000, Train Loss: 0.122769
Iter 120000, Train Loss: 0.122757
Iter 122000, Train Loss: 0.122754
Iter 124000, Train Loss: 0.122743
Iter 126000, Train Loss: 0.122727
Iter 128000, Train Loss: 0.122722
Iter 130000, Train Loss: 0.122712
Iter 132000, Train Loss: 0.122712
Iter 134000, Train Loss: 0.122710
Iter 136000, Train Loss: 0.122708
Iter 138000, Train Loss: 0.122712
Iter 140000, Train Loss: 0.122710
Iter 142000, Train Loss: 0.122712
Iter 144000, Train Loss: 0.122720
Iter 146000, Train Loss: 0.122721
Iter 148000, Train Loss: 0.122708
Forward Time : 603.519508600235s
Loss Time:  55.67135453224182 Backward Time:  1268.3975412845612 Opti Time:  94.08176326751709
Update Time 1155.8175506591797
Load Time 175.53789162635803
------------------------------------------
Train Time:  3379.676115512848
Epoch: 10/10, train loss: 0.122712, test loss: 0.124762, test acc: 84.96%, test f1: 0.86. epoch time: 3573.0545105934143
Total time: 35920.735s
