Collect Inputs...
Data Directory: ../cloud/combined_result_5class_50.h5
Batch Size: 128
Learning rate: 0.1
Max Number of Epochs: 10
Initialize Process Group...
Initialize Model...
Initialize Dataloaders...
Training...
Self.net.train:  9.5367431640625e-07
Iter 2000, Train Loss: 0.255022
Iter 4000, Train Loss: 0.254832
Iter 6000, Train Loss: 0.254785
Iter 8000, Train Loss: 0.254784
Iter 10000, Train Loss: 0.254854
Iter 12000, Train Loss: 0.254752
Iter 14000, Train Loss: 0.254753
Iter 16000, Train Loss: 0.254749
Iter 18000, Train Loss: 0.254365
Iter 20000, Train Loss: 0.249827
Iter 22000, Train Loss: 0.243902
Iter 24000, Train Loss: 0.237543
Iter 26000, Train Loss: 0.231823
Iter 28000, Train Loss: 0.226364
Iter 30000, Train Loss: 0.221478
Iter 32000, Train Loss: 0.217014
Iter 34000, Train Loss: 0.213090
Iter 36000, Train Loss: 0.209460
Forward Time : 153.82081651687622s
Loss Time:  13.916170835494995 Backward Time:  313.5737874507904 Opti Time:  23.412079095840454
Update Time 502.6028747558594
Load Time 53.53179669380188
------------------------------------------
Train Time:  1068.3503918647766
Epoch: 1/10, train loss: 0.207153, test loss: 0.145590, test acc: 80.88%, test f1: 0.85. epoch time: 1178.1762936115265
Self.net.train:  7.152557373046875e-07
Iter 2000, Train Loss: 0.145653
Iter 4000, Train Loss: 0.145100
Iter 6000, Train Loss: 0.144993
Iter 8000, Train Loss: 0.144893
Iter 10000, Train Loss: 0.144694
Iter 12000, Train Loss: 0.144273
Iter 14000, Train Loss: 0.144067
Iter 16000, Train Loss: 0.143822
Iter 18000, Train Loss: 0.143591
Iter 20000, Train Loss: 0.143300
Iter 22000, Train Loss: 0.143080
Iter 24000, Train Loss: 0.142873
Iter 26000, Train Loss: 0.142705
Iter 28000, Train Loss: 0.142460
Iter 30000, Train Loss: 0.142249
Iter 32000, Train Loss: 0.142019
Iter 34000, Train Loss: 0.141884
Iter 36000, Train Loss: 0.141673
Forward Time : 153.5729730129242s
Loss Time:  13.725831747055054 Backward Time:  313.42815041542053 Opti Time:  23.197054624557495
Update Time 532.5369338989258
Load Time 53.3172082901001
------------------------------------------
Train Time:  1097.2414457798004
Epoch: 2/10, train loss: 0.141548, test loss: 0.137258, test acc: 80.44%, test f1: 0.85. epoch time: 1207.1556615829468
Self.net.train:  7.152557373046875e-07
Iter 2000, Train Loss: 0.137596
Iter 4000, Train Loss: 0.137388
Iter 6000, Train Loss: 0.137516
Iter 8000, Train Loss: 0.137611
Iter 10000, Train Loss: 0.137577
Iter 12000, Train Loss: 0.137304
Iter 14000, Train Loss: 0.137257
Iter 16000, Train Loss: 0.137157
Iter 18000, Train Loss: 0.137104
Iter 20000, Train Loss: 0.136918
Iter 22000, Train Loss: 0.136835
Iter 24000, Train Loss: 0.136754
Iter 26000, Train Loss: 0.136734
Iter 28000, Train Loss: 0.136615
Iter 30000, Train Loss: 0.136530
Iter 32000, Train Loss: 0.136411
Iter 34000, Train Loss: 0.136391
Iter 36000, Train Loss: 0.136283
Forward Time : 153.69325733184814s
Loss Time:  13.717528820037842 Backward Time:  313.61487317085266 Opti Time:  23.183305501937866
Update Time 530.8231236934662
Load Time 53.218056201934814
------------------------------------------
Train Time:  1095.6388478279114
Epoch: 3/10, train loss: 0.136224, test loss: 0.134161, test acc: 80.53%, test f1: 0.85. epoch time: 1204.08815908432
Self.net.train:  7.152557373046875e-07
Iter 2000, Train Loss: 0.134040
Iter 4000, Train Loss: 0.133778
Iter 6000, Train Loss: 0.134043
Iter 8000, Train Loss: 0.134215
Iter 10000, Train Loss: 0.134234
Iter 12000, Train Loss: 0.134032
Iter 14000, Train Loss: 0.134056
Iter 16000, Train Loss: 0.133994
Iter 18000, Train Loss: 0.133964
Iter 20000, Train Loss: 0.133828
Iter 22000, Train Loss: 0.133787
Iter 24000, Train Loss: 0.133759
Iter 26000, Train Loss: 0.133779
Iter 28000, Train Loss: 0.133697
Iter 30000, Train Loss: 0.133641
Iter 32000, Train Loss: 0.133545
Iter 34000, Train Loss: 0.133566
Iter 36000, Train Loss: 0.133490
Forward Time : 153.70433616638184s
Loss Time:  13.733634948730469 Backward Time:  313.8408508300781 Opti Time:  23.279601097106934
Update Time 532.1657700538635
Load Time 53.32011914253235
------------------------------------------
Train Time:  1097.4106810092926
Epoch: 4/10, train loss: 0.133450, test loss: 0.132387, test acc: 81.45%, test f1: 0.85. epoch time: 1206.3858637809753
Self.net.train:  1.1920928955078125e-06
Iter 2000, Train Loss: 0.131843
Iter 4000, Train Loss: 0.131600
Iter 6000, Train Loss: 0.131887
Iter 8000, Train Loss: 0.132094
Iter 10000, Train Loss: 0.132109
Iter 12000, Train Loss: 0.131939
Iter 14000, Train Loss: 0.131969
Iter 16000, Train Loss: 0.131933
Iter 18000, Train Loss: 0.131914
Iter 20000, Train Loss: 0.131804
Iter 22000, Train Loss: 0.131774
Iter 24000, Train Loss: 0.131766
Iter 26000, Train Loss: 0.131799
Iter 28000, Train Loss: 0.131737
Iter 30000, Train Loss: 0.131690
Iter 32000, Train Loss: 0.131605
Iter 34000, Train Loss: 0.131637
Iter 36000, Train Loss: 0.131588
Forward Time : 153.4361960887909s
Loss Time:  13.71885371208191 Backward Time:  313.78096652030945 Opti Time:  23.317951202392578
Update Time 532.9331459999084
Load Time 53.337234020233154
------------------------------------------
Train Time:  1098.0230751037598
Epoch: 5/10, train loss: 0.131549, test loss: 0.130980, test acc: 81.80%, test f1: 0.85. epoch time: 1206.8769354820251
Self.net.train:  7.152557373046875e-07
Iter 2000, Train Loss: 0.130142
Iter 4000, Train Loss: 0.129966
Iter 6000, Train Loss: 0.130296
Iter 8000, Train Loss: 0.130500
Iter 10000, Train Loss: 0.130541
Iter 12000, Train Loss: 0.130373
Iter 14000, Train Loss: 0.130416
Iter 16000, Train Loss: 0.130387
Iter 18000, Train Loss: 0.130374
Iter 20000, Train Loss: 0.130263
Iter 22000, Train Loss: 0.130252
Iter 24000, Train Loss: 0.130249
Iter 26000, Train Loss: 0.130304
Iter 28000, Train Loss: 0.130248
Iter 30000, Train Loss: 0.130201
Iter 32000, Train Loss: 0.130122
Iter 34000, Train Loss: 0.130164
Iter 36000, Train Loss: 0.130128
Forward Time : 153.5407121181488s
Loss Time:  13.71105146408081 Backward Time:  314.4625577926636 Opti Time:  23.182036876678467
Update Time 529.6053714752197
Load Time 53.44051122665405
------------------------------------------
Train Time:  1095.360517024994
Epoch: 6/10, train loss: 0.130103, test loss: 0.130100, test acc: 82.10%, test f1: 0.85. epoch time: 1205.5904965400696
Self.net.train:  7.152557373046875e-07
Iter 2000, Train Loss: 0.128787
Iter 4000, Train Loss: 0.128641
Iter 6000, Train Loss: 0.129045
Iter 8000, Train Loss: 0.129272
Iter 10000, Train Loss: 0.129314
Iter 12000, Train Loss: 0.129157
Iter 14000, Train Loss: 0.129205
Iter 16000, Train Loss: 0.129185
Iter 18000, Train Loss: 0.129169
Iter 20000, Train Loss: 0.129078
Iter 22000, Train Loss: 0.129075
Iter 24000, Train Loss: 0.129072
Iter 26000, Train Loss: 0.129118
Iter 28000, Train Loss: 0.129061
Iter 30000, Train Loss: 0.129032
Iter 32000, Train Loss: 0.128957
Iter 34000, Train Loss: 0.129000
Iter 36000, Train Loss: 0.128974
Forward Time : 154.1952610015869s
Loss Time:  13.786421298980713 Backward Time:  313.07908630371094 Opti Time:  23.45397114753723
Update Time 529.8165812492371
Load Time 53.586732149124146
------------------------------------------
Train Time:  1095.2795753479004
Epoch: 7/10, train loss: 0.128946, test loss: 0.129564, test acc: 82.24%, test f1: 0.85. epoch time: 1205.7523601055145
Self.net.train:  7.152557373046875e-07
Iter 2000, Train Loss: 0.127663
Iter 4000, Train Loss: 0.127636
Iter 6000, Train Loss: 0.128027
Iter 8000, Train Loss: 0.128258
Iter 10000, Train Loss: 0.128277
Iter 12000, Train Loss: 0.128099
Iter 14000, Train Loss: 0.128151
Iter 16000, Train Loss: 0.128122
Iter 18000, Train Loss: 0.128106
Iter 20000, Train Loss: 0.128020
Iter 22000, Train Loss: 0.128006
Iter 24000, Train Loss: 0.128016
Iter 26000, Train Loss: 0.128079
Iter 28000, Train Loss: 0.128020
Iter 30000, Train Loss: 0.127993
Iter 32000, Train Loss: 0.127924
Iter 34000, Train Loss: 0.127970
Iter 36000, Train Loss: 0.127947
Forward Time : 153.34003400802612s
Loss Time:  13.768101453781128 Backward Time:  313.1361954212189 Opti Time:  23.128397703170776
Update Time 529.005678653717
Load Time 53.543684005737305
------------------------------------------
Train Time:  1093.4104676246643
Epoch: 8/10, train loss: 0.127919, test loss: 0.129002, test acc: 82.49%, test f1: 0.85. epoch time: 1202.4613063335419
Self.net.train:  9.5367431640625e-07
Iter 2000, Train Loss: 0.126713
Iter 4000, Train Loss: 0.126699
Iter 6000, Train Loss: 0.127133
Iter 8000, Train Loss: 0.127368
Iter 10000, Train Loss: 0.127367
Iter 12000, Train Loss: 0.127190
Iter 14000, Train Loss: 0.127232
Iter 16000, Train Loss: 0.127208
Iter 18000, Train Loss: 0.127202
Iter 20000, Train Loss: 0.127114
Iter 22000, Train Loss: 0.127107
Iter 24000, Train Loss: 0.127113
Iter 26000, Train Loss: 0.127173
Iter 28000, Train Loss: 0.127118
Iter 30000, Train Loss: 0.127092
Iter 32000, Train Loss: 0.127023
Iter 34000, Train Loss: 0.127072
Iter 36000, Train Loss: 0.127056
Forward Time : 155.04326033592224s
Loss Time:  13.973578929901123 Backward Time:  312.8041844367981 Opti Time:  23.46199631690979
Update Time 531.5538561344147
Load Time 53.966660499572754
------------------------------------------
Train Time:  1098.283519744873
Epoch: 9/10, train loss: 0.127030, test loss: 0.128550, test acc: 82.29%, test f1: 0.85. epoch time: 1207.5714633464813
Self.net.train:  7.152557373046875e-07
Iter 2000, Train Loss: 0.126012
Iter 4000, Train Loss: 0.125875
Iter 6000, Train Loss: 0.126278
Iter 8000, Train Loss: 0.126522
Iter 10000, Train Loss: 0.126552
Iter 12000, Train Loss: 0.126398
Iter 14000, Train Loss: 0.126420
Iter 16000, Train Loss: 0.126410
Iter 18000, Train Loss: 0.126401
Iter 20000, Train Loss: 0.126323
Iter 22000, Train Loss: 0.126315
Iter 24000, Train Loss: 0.126309
Iter 26000, Train Loss: 0.126374
Iter 28000, Train Loss: 0.126323
Iter 30000, Train Loss: 0.126309
Iter 32000, Train Loss: 0.126246
Iter 34000, Train Loss: 0.126301
Iter 36000, Train Loss: 0.126285
Forward Time : 154.26613664627075s
Loss Time:  13.817814111709595 Backward Time:  313.552437543869 Opti Time:  23.441429615020752
Update Time 529.1999447345734
Load Time 53.60662245750427
------------------------------------------
Train Time:  1095.2939298152924
Epoch: 10/10, train loss: 0.126255, test loss: 0.128029, test acc: 82.55%, test f1: 0.85. epoch time: 1204.390548467636
Total time: 12038.540s
