Collect Inputs...
Data Directory: ../cloud/combined_result_5class.h5
Batch Size: 128
Learning rate: 0.1
Max Number of Epochs: 10
Initialize Process Group...
Initialize Model...
Initialize Dataloaders...
Training...
Self.net.train:  7.152557373046875e-07
Iter 2000, Train Loss: 0.254316
Iter 4000, Train Loss: 0.254479
Iter 6000, Train Loss: 0.254470
Iter 8000, Train Loss: 0.254530
Iter 10000, Train Loss: 0.254537
Iter 12000, Train Loss: 0.254483
Iter 14000, Train Loss: 0.249360
Iter 16000, Train Loss: 0.240300
Iter 18000, Train Loss: 0.231682
Iter 20000, Train Loss: 0.224091
Iter 22000, Train Loss: 0.217509
Iter 24000, Train Loss: 0.211836
Iter 26000, Train Loss: 0.206871
Iter 28000, Train Loss: 0.202566
Iter 30000, Train Loss: 0.198797
Iter 32000, Train Loss: 0.195346
Iter 34000, Train Loss: 0.192257
Iter 36000, Train Loss: 0.189502
Forward Time : 154.90706634521484s
Loss Time:  14.136276960372925 Backward Time:  312.8988358974457 Opti Time:  22.948494911193848
Update Time 1360.934552192688
Load Time 59.53506398200989
------------------------------------------
Train Time:  1933.3191759586334
new split [       0  5366448 10583828 15428538 19080704]
overhead time 288.38579630851746
Epoch: 1/10, train loss: 0.187745, test loss: 0.141515, test acc: 80.52%, test f1: 0.85. epoch time: 2171.252494096756
Self.net.train:  7.152557373046875e-07
0 5366448
Iter 2000, Train Loss: 0.141325
Iter 4000, Train Loss: 0.141154
Iter 6000, Train Loss: 0.141164
Iter 8000, Train Loss: 0.140899
Iter 10000, Train Loss: 0.140733
Iter 12000, Train Loss: 0.140538
Iter 14000, Train Loss: 0.140364
Iter 16000, Train Loss: 0.140088
Iter 18000, Train Loss: 0.139877
Iter 20000, Train Loss: 0.139709
Iter 22000, Train Loss: 0.139473
Iter 24000, Train Loss: 0.139326
Iter 26000, Train Loss: 0.139190
Iter 28000, Train Loss: 0.139080
Iter 30000, Train Loss: 0.138912
Iter 32000, Train Loss: 0.138770
Iter 34000, Train Loss: 0.138588
Iter 36000, Train Loss: 0.138452
Forward Time : 156.45792174339294s
Loss Time:  14.198126077651978 Backward Time:  359.46644020080566 Opti Time:  23.08267378807068
Update Time 1163.405514240265
Load Time 59.19815158843994
------------------------------------------
Train Time:  1783.8937819004059
Epoch: 2/10, train loss: 0.138407, test loss: 0.135806, test acc: 81.82%, test f1: 0.85. epoch time: 2019.8234367370605
Self.net.train:  9.5367431640625e-07
0 5366448
Iter 2000, Train Loss: 0.135406
Iter 4000, Train Loss: 0.135410
Iter 6000, Train Loss: 0.135527
Iter 8000, Train Loss: 0.135534
Iter 10000, Train Loss: 0.135477
Iter 12000, Train Loss: 0.135394
Iter 14000, Train Loss: 0.135293
Iter 16000, Train Loss: 0.135140
Iter 18000, Train Loss: 0.135039
Iter 20000, Train Loss: 0.134975
Iter 22000, Train Loss: 0.134845
Iter 24000, Train Loss: 0.134775
Iter 26000, Train Loss: 0.134719
Iter 28000, Train Loss: 0.134674
Iter 30000, Train Loss: 0.134581
Iter 32000, Train Loss: 0.134528
Iter 34000, Train Loss: 0.134420
Iter 36000, Train Loss: 0.134343
Forward Time : 156.12612390518188s
Loss Time:  14.216010093688965 Backward Time:  359.7727885246277 Opti Time:  23.23839569091797
Update Time 1465.2438912391663
Load Time 61.108383655548096
------------------------------------------
Train Time:  2087.812952041626
Epoch: 3/10, train loss: 0.134329, test loss: 0.133702, test acc: 81.81%, test f1: 0.85. epoch time: 2321.9032163619995
Self.net.train:  4.76837158203125e-07
0 5366448
Iter 2000, Train Loss: 0.132554
Iter 4000, Train Loss: 0.132513
Iter 6000, Train Loss: 0.132564
Iter 8000, Train Loss: 0.132676
Iter 10000, Train Loss: 0.132690
Iter 12000, Train Loss: 0.132659
Iter 14000, Train Loss: 0.132599
Iter 16000, Train Loss: 0.132486
Iter 18000, Train Loss: 0.132407
Iter 20000, Train Loss: 0.132360
Iter 22000, Train Loss: 0.132275
Iter 24000, Train Loss: 0.132244
Iter 26000, Train Loss: 0.132213
Iter 28000, Train Loss: 0.132198
Iter 30000, Train Loss: 0.132140
Iter 32000, Train Loss: 0.132103
Iter 34000, Train Loss: 0.132013
Iter 36000, Train Loss: 0.131961
Forward Time : 155.98838543891907s
Loss Time:  14.151204347610474 Backward Time:  359.89763140678406 Opti Time:  22.98067545890808
Update Time 1468.5601379871368
Load Time 60.78743028640747
------------------------------------------
Train Time:  2090.3975489139557
Epoch: 4/10, train loss: 0.131959, test loss: 0.133859, test acc: 82.42%, test f1: 0.85. epoch time: 2325.4913063049316
Self.net.train:  7.152557373046875e-07
0 5366448
Iter 2000, Train Loss: 0.130599
Iter 4000, Train Loss: 0.130604
Iter 6000, Train Loss: 0.130666
Iter 8000, Train Loss: 0.130775
Iter 10000, Train Loss: 0.130831
Iter 12000, Train Loss: 0.130847
Iter 14000, Train Loss: 0.130814
Iter 16000, Train Loss: 0.130724
Iter 18000, Train Loss: 0.130649
Iter 20000, Train Loss: 0.130613
Iter 22000, Train Loss: 0.130538
Iter 24000, Train Loss: 0.130518
Iter 26000, Train Loss: 0.130489
Iter 28000, Train Loss: 0.130476
Iter 30000, Train Loss: 0.130429
Iter 32000, Train Loss: 0.130400
Iter 34000, Train Loss: 0.130326
Iter 36000, Train Loss: 0.130283
Forward Time : 155.8156454563141s
Loss Time:  14.153717041015625 Backward Time:  359.73645663261414 Opti Time:  22.998192310333252
Update Time 1450.9514698982239
Load Time 60.750256061553955
------------------------------------------
Train Time:  2072.522051334381
Epoch: 5/10, train loss: 0.130290, test loss: 0.135925, test acc: 83.17%, test f1: 0.86. epoch time: 2307.3020808696747
Self.net.train:  9.5367431640625e-07
0 5366448
Iter 2000, Train Loss: 0.129281
Iter 4000, Train Loss: 0.129091
Iter 6000, Train Loss: 0.129114
Iter 8000, Train Loss: 0.129211
Iter 10000, Train Loss: 0.129328
Iter 12000, Train Loss: 0.129338
Iter 14000, Train Loss: 0.129305
Iter 16000, Train Loss: 0.129225
Iter 18000, Train Loss: 0.129153
Iter 20000, Train Loss: 0.129117
Iter 22000, Train Loss: 0.129057
Iter 24000, Train Loss: 0.129063
Iter 26000, Train Loss: 0.129059
Iter 28000, Train Loss: 0.129048
Iter 30000, Train Loss: 0.129021
Iter 32000, Train Loss: 0.128997
Iter 34000, Train Loss: 0.128925
Iter 36000, Train Loss: 0.128894
Forward Time : 156.28402876853943s
Loss Time:  14.200436115264893 Backward Time:  359.2137017250061 Opti Time:  23.05872941017151
Update Time 1443.1683900356293
Load Time 60.92074751853943
------------------------------------------
Train Time:  2064.931656360626
Epoch: 6/10, train loss: 0.128906, test loss: 0.139736, test acc: 84.22%, test f1: 0.86. epoch time: 2299.40980219841
Self.net.train:  1.1920928955078125e-06
0 5366448
Iter 2000, Train Loss: 0.127929
Iter 4000, Train Loss: 0.127814
Iter 6000, Train Loss: 0.127892
Iter 8000, Train Loss: 0.128030
Iter 10000, Train Loss: 0.128163
Iter 12000, Train Loss: 0.128203
Iter 14000, Train Loss: 0.128179
Iter 16000, Train Loss: 0.128114
Iter 18000, Train Loss: 0.128042
Iter 20000, Train Loss: 0.128013
Iter 22000, Train Loss: 0.127956
Iter 24000, Train Loss: 0.127969
Iter 26000, Train Loss: 0.127969
Iter 28000, Train Loss: 0.127951
Iter 30000, Train Loss: 0.127919
Iter 32000, Train Loss: 0.127905
Iter 34000, Train Loss: 0.127838
Iter 36000, Train Loss: 0.127812
Forward Time : 155.42737197875977s
Loss Time:  14.104501724243164 Backward Time:  360.9325349330902 Opti Time:  22.874219179153442
Update Time 1457.2242081165314
Load Time 60.80260705947876
------------------------------------------
Train Time:  2079.4876198768616
Epoch: 7/10, train loss: 0.127829, test loss: 0.143941, test acc: 84.97%, test f1: 0.86. epoch time: 2315.179315805435
Self.net.train:  7.152557373046875e-07
0 5366448
Iter 2000, Train Loss: 0.126843
Iter 4000, Train Loss: 0.126743
Iter 6000, Train Loss: 0.126811
Iter 8000, Train Loss: 0.126991
Iter 10000, Train Loss: 0.127146
Iter 12000, Train Loss: 0.127196
Iter 14000, Train Loss: 0.127164
Iter 16000, Train Loss: 0.127089
Iter 18000, Train Loss: 0.127009
Iter 20000, Train Loss: 0.126992
Iter 22000, Train Loss: 0.126947
Iter 24000, Train Loss: 0.126962
Iter 26000, Train Loss: 0.126962
Iter 28000, Train Loss: 0.126953
Iter 30000, Train Loss: 0.126930
Iter 32000, Train Loss: 0.126911
Iter 34000, Train Loss: 0.126858
Iter 36000, Train Loss: 0.126840
Forward Time : 157.30570101737976s
Loss Time:  14.292773246765137 Backward Time:  358.7489113807678 Opti Time:  23.27644968032837
Update Time 1454.1861610412598
Load Time 60.86280846595764
------------------------------------------
Train Time:  2076.7802679538727
Epoch: 8/10, train loss: 0.126865, test loss: 0.146485, test acc: 85.96%, test f1: 0.86. epoch time: 2310.7106914520264
Self.net.train:  9.5367431640625e-07
0 5366448
Iter 2000, Train Loss: 0.125991
Iter 4000, Train Loss: 0.125827
Iter 6000, Train Loss: 0.125930
Iter 8000, Train Loss: 0.126122
Iter 10000, Train Loss: 0.126271
Iter 12000, Train Loss: 0.126319
Iter 14000, Train Loss: 0.126316
Iter 16000, Train Loss: 0.126252
Iter 18000, Train Loss: 0.126156
Iter 20000, Train Loss: 0.126145
Iter 22000, Train Loss: 0.126107
Iter 24000, Train Loss: 0.126135
Iter 26000, Train Loss: 0.126142
Iter 28000, Train Loss: 0.126140
Iter 30000, Train Loss: 0.126124
Iter 32000, Train Loss: 0.126113
Iter 34000, Train Loss: 0.126062
Iter 36000, Train Loss: 0.126041
Forward Time : 155.75837659835815s
Loss Time:  14.142013549804688 Backward Time:  360.13168478012085 Opti Time:  23.020138263702393
Update Time 1452.9868545532227
Load Time 61.02145743370056
------------------------------------------
Train Time:  2075.161059617996
Epoch: 9/10, train loss: 0.126063, test loss: 0.148926, test acc: 86.26%, test f1: 0.86. epoch time: 2310.245972633362
Self.net.train:  1.1920928955078125e-06
0 5366448
Iter 2000, Train Loss: 0.125225
Iter 4000, Train Loss: 0.125090
Iter 6000, Train Loss: 0.125176
Iter 8000, Train Loss: 0.125392
Iter 10000, Train Loss: 0.125531
Iter 12000, Train Loss: 0.125591
Iter 14000, Train Loss: 0.125586
Iter 16000, Train Loss: 0.125528
Iter 18000, Train Loss: 0.125445
Iter 20000, Train Loss: 0.125434
Iter 22000, Train Loss: 0.125403
Iter 24000, Train Loss: 0.125426
Iter 26000, Train Loss: 0.125436
Iter 28000, Train Loss: 0.125429
Iter 30000, Train Loss: 0.125415
Iter 32000, Train Loss: 0.125402
Iter 34000, Train Loss: 0.125350
Iter 36000, Train Loss: 0.125328
Forward Time : 155.92672562599182s
Loss Time:  14.15379548072815 Backward Time:  359.9251182079315 Opti Time:  23.003695964813232
Update Time 1452.856544971466
Load Time 60.91765475273132
------------------------------------------
Train Time:  2074.8980305194855
Epoch: 10/10, train loss: 0.125358, test loss: 0.152847, test acc: 86.78%, test f1: 0.86. epoch time: 2309.9345808029175
Total time: 23007.409s
