Collect Inputs...
Data Directory: ../cloud/combined_result_5class.h5
Batch Size: 128
Learning rate: 0.1
Max Number of Epochs: 10
Initialize Process Group...
Collect Inputs...
Data Directory: ../cloud/combined_result_5class.h5
Batch Size: 128
Learning rate: 0.1
Max Number of Epochs: 10
Initialize Process Group...
Initialize Model...
Initialize Model...
Initialize Dataloaders...
Initialize Dataloaders...
Training...
Self.net.train:  1.6689300537109375e-06
Training...
Self.net.train:  2.384185791015625e-06
Iter 2000, Train Loss: 0.254731
Iter 2000, Train Loss: 0.255170
Iter 4000, Train Loss: 0.254697
Iter 4000, Train Loss: 0.254608
Iter 6000, Train Loss: 0.254748
Iter 6000, Train Loss: 0.254539
Iter 8000, Train Loss: 0.245057
Iter 8000, Train Loss: 0.245054
Iter 10000, Train Loss: 0.231072
Iter 10000, Train Loss: 0.231299
Iter 12000, Train Loss: 0.219436
Iter 12000, Train Loss: 0.219676
Iter 14000, Train Loss: 0.210030
Iter 14000, Train Loss: 0.210467
Iter 16000, Train Loss: 0.202877
Iter 16000, Train Loss: 0.203132
Iter 18000, Train Loss: 0.197032
Iter 18000, Train Loss: 0.197287
Iter 20000, Train Loss: 0.192093
Iter 20000, Train Loss: 0.192410
Iter 22000, Train Loss: 0.187941
Iter 22000, Train Loss: 0.188198
Iter 24000, Train Loss: 0.184437
Iter 24000, Train Loss: 0.184654
Iter 26000, Train Loss: 0.181360
Iter 26000, Train Loss: 0.181528
Iter 28000, Train Loss: 0.178749
Iter 28000, Train Loss: 0.178751
Iter 30000, Train Loss: 0.176365
Iter 30000, Train Loss: 0.176341
Iter 32000, Train Loss: 0.174226
Iter 32000, Train Loss: 0.174189
Iter 34000, Train Loss: 0.172279
Iter 34000, Train Loss: 0.172283
Iter 36000, Train Loss: 0.170566
Iter 36000, Train Loss: 0.170576
Forward Time : 176.15994262695312s
Loss Time:  15.22463870048523 Backward Time:  331.53536081314087 Opti Time:  25.122596502304077
Update Time 606.5288851261139
Load Time 71.53173017501831
------------------------------------------
Train Time:  1235.4432101249695
Forward Time : 169.78390645980835s
Loss Time:  15.132043838500977 Backward Time:  326.94526982307434 Opti Time:  26.144060134887695
Update Time 614.2801015377045
Load Time 73.8678503036499
------------------------------------------
Train Time:  1235.7661821842194
Epoch: 1/10, train loss: 0.169435, test loss: 0.139039, test acc: 79.64%, test f1: 0.85. epoch time: 1582.908807516098
Self.net.train:  7.152557373046875e-07
Epoch: 1/10, train loss: 0.169501, test loss: 0.139386, test acc: 79.61%, test f1: 0.85. epoch time: 1586.9443259239197
Self.net.train:  1.430511474609375e-06
Iter 2000, Train Loss: 0.140461
Iter 2000, Train Loss: 0.140255
Iter 4000, Train Loss: 0.140658
Iter 4000, Train Loss: 0.139796
Iter 6000, Train Loss: 0.140278
Iter 6000, Train Loss: 0.140093
Iter 8000, Train Loss: 0.139855
Iter 8000, Train Loss: 0.139848
Iter 10000, Train Loss: 0.139466
Iter 10000, Train Loss: 0.139762
Iter 12000, Train Loss: 0.139145
Iter 12000, Train Loss: 0.139428
Iter 14000, Train Loss: 0.138855
Iter 14000, Train Loss: 0.139268
Iter 16000, Train Loss: 0.138766
Iter 16000, Train Loss: 0.138929
Iter 18000, Train Loss: 0.138643
Iter 18000, Train Loss: 0.138808
Iter 20000, Train Loss: 0.138481
Iter 20000, Train Loss: 0.138675
Iter 22000, Train Loss: 0.138315
Iter 22000, Train Loss: 0.138449
Iter 24000, Train Loss: 0.138156
Iter 24000, Train Loss: 0.138275
Iter 26000, Train Loss: 0.137976
Iter 26000, Train Loss: 0.138085
Iter 28000, Train Loss: 0.137924
Iter 28000, Train Loss: 0.137868
Iter 30000, Train Loss: 0.137788
Iter 30000, Train Loss: 0.137707
Iter 32000, Train Loss: 0.137658
Iter 32000, Train Loss: 0.137574
Iter 34000, Train Loss: 0.137508
Iter 34000, Train Loss: 0.137440
Iter 36000, Train Loss: 0.137410
Iter 36000, Train Loss: 0.137351
Forward Time : 175.69760584831238s
Loss Time:  15.114555358886719 Backward Time:  293.71070766448975 Opti Time:  24.872936010360718
Update Time 627.9684703350067
Load Time 70.36672639846802
------------------------------------------
Train Time:  1217.083834886551
Forward Time : 166.81343817710876s
Loss Time:  14.63239049911499 Backward Time:  327.0109980106354 Opti Time:  25.281843662261963
Update Time 603.2028770446777
Load Time 75.17218852043152
------------------------------------------
Train Time:  1221.4561851024628
Epoch: 2/10, train loss: 0.137301, test loss: 0.134204, test acc: 81.51%, test f1: 0.85. epoch time: 1569.960830450058
Self.net.train:  3.337860107421875e-06
Epoch: 2/10, train loss: 0.137294, test loss: 0.134501, test acc: 81.47%, test f1: 0.85. epoch time: 1567.0987830162048
Self.net.train:  1.9073486328125e-06
Iter 2000, Train Loss: 0.135156
Iter 2000, Train Loss: 0.135092
Iter 4000, Train Loss: 0.135466
Iter 4000, Train Loss: 0.134711
Iter 6000, Train Loss: 0.135185
Iter 6000, Train Loss: 0.135125
Iter 8000, Train Loss: 0.134926
Iter 8000, Train Loss: 0.134982
Iter 10000, Train Loss: 0.134630
Iter 10000, Train Loss: 0.134972
Iter 12000, Train Loss: 0.134419
Iter 12000, Train Loss: 0.134707
Iter 14000, Train Loss: 0.134235
Iter 14000, Train Loss: 0.134638
Iter 16000, Train Loss: 0.134255
Iter 16000, Train Loss: 0.134415
Iter 18000, Train Loss: 0.134220
Iter 18000, Train Loss: 0.134404
Iter 20000, Train Loss: 0.134142
Iter 20000, Train Loss: 0.134356
Iter 22000, Train Loss: 0.134055
Iter 22000, Train Loss: 0.134208
Iter 24000, Train Loss: 0.133977
Iter 24000, Train Loss: 0.134109
Iter 26000, Train Loss: 0.133867
Iter 26000, Train Loss: 0.133996
Iter 28000, Train Loss: 0.133888
Iter 28000, Train Loss: 0.133847
Iter 30000, Train Loss: 0.133811
Iter 30000, Train Loss: 0.133748
Iter 32000, Train Loss: 0.133744
Iter 32000, Train Loss: 0.133678
Iter 34000, Train Loss: 0.133655
Iter 34000, Train Loss: 0.133593
Iter 36000, Train Loss: 0.133614
Iter 36000, Train Loss: 0.133569
Forward Time : 175.76060271263123s
Loss Time:  15.01362943649292 Backward Time:  326.7435681819916 Opti Time:  24.617079496383667
Update Time 594.2978148460388
Load Time 73.6667582988739
------------------------------------------
Train Time:  1219.5406184196472
Forward Time : 167.74220371246338s
Loss Time:  14.770691633224487 Backward Time:  328.96290588378906 Opti Time:  25.54316782951355
Update Time 598.3042120933533
Load Time 76.0821635723114
------------------------------------------
Train Time:  1221.0547471046448
Epoch: 3/10, train loss: 0.133544, test loss: 0.132652, test acc: 82.65%, test f1: 0.85. epoch time: 1565.1334218978882
Self.net.train:  3.337860107421875e-06
Epoch: 3/10, train loss: 0.133545, test loss: 0.132344, test acc: 82.69%, test f1: 0.85. epoch time: 1567.3252935409546
Self.net.train:  2.6226043701171875e-06
Iter 2000, Train Loss: 0.132368
Iter 2000, Train Loss: 0.132214
Iter 4000, Train Loss: 0.132708
Iter 4000, Train Loss: 0.131924
Iter 6000, Train Loss: 0.132469
Iter 6000, Train Loss: 0.132409
Iter 8000, Train Loss: 0.132286
Iter 8000, Train Loss: 0.132301
Iter 10000, Train Loss: 0.132038
Iter 10000, Train Loss: 0.132354
Iter 12000, Train Loss: 0.131841
Iter 12000, Train Loss: 0.132117
Iter 14000, Train Loss: 0.131717
Iter 14000, Train Loss: 0.132107
Iter 16000, Train Loss: 0.131758
Iter 16000, Train Loss: 0.131912
Iter 18000, Train Loss: 0.131745
Iter 18000, Train Loss: 0.131952
Iter 20000, Train Loss: 0.131709
Iter 20000, Train Loss: 0.131927
Iter 22000, Train Loss: 0.131627
Iter 22000, Train Loss: 0.131800
Iter 24000, Train Loss: 0.131577
Iter 24000, Train Loss: 0.131739
Iter 26000, Train Loss: 0.131498
Iter 26000, Train Loss: 0.131653
Iter 28000, Train Loss: 0.131553
Iter 28000, Train Loss: 0.131528
Iter 30000, Train Loss: 0.131495
Iter 30000, Train Loss: 0.131440
Iter 32000, Train Loss: 0.131435
Iter 32000, Train Loss: 0.131394
Iter 34000, Train Loss: 0.131364
Iter 34000, Train Loss: 0.131319
Iter 36000, Train Loss: 0.131352
Iter 36000, Train Loss: 0.131312
Forward Time : 181.73037028312683s
Loss Time:  15.636703252792358 Backward Time:  338.61746859550476 Opti Time:  25.51133155822754
Update Time 604.7273154258728
Load Time 73.57447695732117
------------------------------------------
Train Time:  1249.073805809021
Forward Time : 180.8148341178894s
Loss Time:  16.25995969772339 Backward Time:  334.20758509635925 Opti Time:  27.44437837600708
Update Time 598.4429261684418
Load Time 81.38935589790344
------------------------------------------
Train Time:  1248.3721730709076
Epoch: 4/10, train loss: 0.131299, test loss: 0.131303, test acc: 83.00%, test f1: 0.85. epoch time: 1596.4905180931091
Self.net.train:  3.337860107421875e-06
Epoch: 4/10, train loss: 0.131301, test loss: 0.131620, test acc: 82.96%, test f1: 0.85. epoch time: 1597.4634368419647
Self.net.train:  3.337860107421875e-06
Iter 2000, Train Loss: 0.130578
Iter 2000, Train Loss: 0.130386
Iter 4000, Train Loss: 0.130926
Iter 4000, Train Loss: 0.130149
Iter 6000, Train Loss: 0.130707
Iter 6000, Train Loss: 0.130663
Iter 8000, Train Loss: 0.130540
Iter 8000, Train Loss: 0.130589
Iter 10000, Train Loss: 0.130316
Iter 10000, Train Loss: 0.130649
Iter 12000, Train Loss: 0.130128
Iter 12000, Train Loss: 0.130409
Iter 14000, Train Loss: 0.130020
Iter 14000, Train Loss: 0.130417
Iter 16000, Train Loss: 0.130049
Iter 16000, Train Loss: 0.130251
Iter 18000, Train Loss: 0.130042
Iter 18000, Train Loss: 0.130286
Iter 20000, Train Loss: 0.130020
Iter 20000, Train Loss: 0.130269
Iter 22000, Train Loss: 0.129939
Iter 22000, Train Loss: 0.130153
Iter 24000, Train Loss: 0.129899
Iter 24000, Train Loss: 0.130092
Iter 26000, Train Loss: 0.129845
Iter 26000, Train Loss: 0.130022
Iter 28000, Train Loss: 0.129912
Iter 28000, Train Loss: 0.129921
Iter 30000, Train Loss: 0.129871
Iter 30000, Train Loss: 0.129848
Iter 32000, Train Loss: 0.129821
Iter 32000, Train Loss: 0.129806
Iter 34000, Train Loss: 0.129768
Iter 34000, Train Loss: 0.129740
Iter 36000, Train Loss: 0.129759
Iter 36000, Train Loss: 0.129747
Forward Time : 178.8545379638672s
Loss Time:  15.321302652359009 Backward Time:  323.49092745780945 Opti Time:  25.272162199020386
Update Time 604.5967664718628
Load Time 73.96251368522644
------------------------------------------
Train Time:  1230.610411643982
Forward Time : 171.7090585231781s
Loss Time:  15.182780027389526 Backward Time:  325.0180480480194 Opti Time:  26.118152379989624
Update Time 607.528885602951
Load Time 76.0192322731018
------------------------------------------
Train Time:  1230.8862023353577
Epoch: 5/10, train loss: 0.129717, test loss: 0.131304, test acc: 84.26%, test f1: 0.86. epoch time: 1576.3484737873077
Self.net.train:  3.0994415283203125e-06
Epoch: 5/10, train loss: 0.129737, test loss: 0.131647, test acc: 84.22%, test f1: 0.86. epoch time: 1586.8573982715607
Self.net.train:  3.337860107421875e-06
Iter 2000, Train Loss: 0.129196
Iter 2000, Train Loss: 0.129111
Iter 4000, Train Loss: 0.129666
Iter 4000, Train Loss: 0.128840
Iter 6000, Train Loss: 0.129461
Iter 6000, Train Loss: 0.129312
Iter 8000, Train Loss: 0.129243
Iter 8000, Train Loss: 0.129241
Iter 10000, Train Loss: 0.128995
Iter 10000, Train Loss: 0.129338
Iter 12000, Train Loss: 0.128815
Iter 12000, Train Loss: 0.129087
Iter 14000, Train Loss: 0.128716
Iter 14000, Train Loss: 0.129112
Iter 16000, Train Loss: 0.128762
Iter 16000, Train Loss: 0.128949
Iter 18000, Train Loss: 0.128765
Iter 18000, Train Loss: 0.129003
Iter 20000, Train Loss: 0.128752
Iter 20000, Train Loss: 0.129006
Iter 22000, Train Loss: 0.128678
Iter 22000, Train Loss: 0.128896
Iter 24000, Train Loss: 0.128634
Iter 24000, Train Loss: 0.128850
Iter 26000, Train Loss: 0.128575
Iter 26000, Train Loss: 0.128790
Iter 28000, Train Loss: 0.128645
Iter 28000, Train Loss: 0.128705
Iter 30000, Train Loss: 0.128619
Iter 30000, Train Loss: 0.128629
Iter 32000, Train Loss: 0.128580
Iter 32000, Train Loss: 0.128593
Iter 34000, Train Loss: 0.128535
Iter 34000, Train Loss: 0.128531
Iter 36000, Train Loss: 0.128538
Iter 36000, Train Loss: 0.128540
Forward Time : 177.0434114933014s
Loss Time:  15.065260410308838 Backward Time:  323.1756899356842 Opti Time:  24.741994857788086
Update Time 607.9932954311371
Load Time 70.60824728012085
------------------------------------------
Train Time:  1227.8808898925781
Forward Time : 175.6699776649475s
Loss Time:  15.600528478622437 Backward Time:  324.41949558258057 Opti Time:  26.62906765937805
Update Time 607.7183010578156
Load Time 78.8167097568512
------------------------------------------
Train Time:  1238.6840946674347
Epoch: 6/10, train loss: 0.128524, test loss: 0.132285, test acc: 84.58%, test f1: 0.86. epoch time: 1573.865335226059
Self.net.train:  3.0994415283203125e-06
Epoch: 6/10, train loss: 0.128502, test loss: 0.131925, test acc: 84.64%, test f1: 0.86. epoch time: 1584.7017180919647
Self.net.train:  3.0994415283203125e-06
Iter 2000, Train Loss: 0.127987
Iter 2000, Train Loss: 0.128021
Iter 4000, Train Loss: 0.128534
Iter 4000, Train Loss: 0.127816
Iter 6000, Train Loss: 0.128386
Iter 6000, Train Loss: 0.128297
Iter 8000, Train Loss: 0.128209
Iter 8000, Train Loss: 0.128254
Iter 10000, Train Loss: 0.127950
Iter 10000, Train Loss: 0.128328
Iter 12000, Train Loss: 0.127756
Iter 12000, Train Loss: 0.128065
Iter 14000, Train Loss: 0.127679
Iter 14000, Train Loss: 0.128101
Iter 16000, Train Loss: 0.127701
Iter 16000, Train Loss: 0.127943
Iter 18000, Train Loss: 0.127707
Iter 18000, Train Loss: 0.127995
Iter 20000, Train Loss: 0.127687
Iter 20000, Train Loss: 0.128003
Iter 22000, Train Loss: 0.127608
Iter 22000, Train Loss: 0.127893
Iter 24000, Train Loss: 0.127560
Iter 24000, Train Loss: 0.127855
Iter 26000, Train Loss: 0.127522
Iter 26000, Train Loss: 0.127795
Iter 28000, Train Loss: 0.127601
Iter 28000, Train Loss: 0.127705
Iter 30000, Train Loss: 0.127578
Iter 30000, Train Loss: 0.127624
Iter 32000, Train Loss: 0.127540
Iter 32000, Train Loss: 0.127584
Iter 34000, Train Loss: 0.127502
Iter 34000, Train Loss: 0.127522
Iter 36000, Train Loss: 0.127510
Iter 36000, Train Loss: 0.127528
Forward Time : 174.41252517700195s
Loss Time:  15.705970287322998 Backward Time:  336.7424144744873 Opti Time:  25.410787105560303
Update Time 603.6161997318268
Load Time 75.74926853179932
------------------------------------------
Train Time:  1241.723390340805
Forward Time : 167.51704454421997s
Loss Time:  14.741904973983765 Backward Time:  334.07296347618103 Opti Time:  25.392848014831543
Update Time 615.5923900604248
Load Time 74.86455821990967
------------------------------------------
Train Time:  1241.8635323047638
Epoch: 7/10, train loss: 0.127511, test loss: 0.132970, test acc: 84.88%, test f1: 0.86. epoch time: 1582.5945582389832
Self.net.train:  2.1457672119140625e-06
Epoch: 7/10, train loss: 0.127477, test loss: 0.132635, test acc: 84.94%, test f1: 0.86. epoch time: 1583.5046141147614
Self.net.train:  2.86102294921875e-06
Iter 2000, Train Loss: 0.127105
Iter 2000, Train Loss: 0.127083
Iter 4000, Train Loss: 0.127602
Iter 4000, Train Loss: 0.126852
Iter 6000, Train Loss: 0.127419
Iter 6000, Train Loss: 0.127351
Iter 8000, Train Loss: 0.127236
Iter 8000, Train Loss: 0.127312
Iter 10000, Train Loss: 0.126970
Iter 10000, Train Loss: 0.127392
Iter 12000, Train Loss: 0.126772
Iter 12000, Train Loss: 0.127139
Iter 14000, Train Loss: 0.126690
Iter 14000, Train Loss: 0.127189
Iter 16000, Train Loss: 0.126738
Iter 16000, Train Loss: 0.127024
Iter 18000, Train Loss: 0.126743
Iter 18000, Train Loss: 0.127079
Iter 20000, Train Loss: 0.126731
Iter 20000, Train Loss: 0.127084
Iter 22000, Train Loss: 0.126661
Iter 22000, Train Loss: 0.126971
Iter 24000, Train Loss: 0.126624
Iter 24000, Train Loss: 0.126922
Iter 26000, Train Loss: 0.126588
Iter 26000, Train Loss: 0.126856
Iter 28000, Train Loss: 0.126669
Iter 28000, Train Loss: 0.126781
Iter 30000, Train Loss: 0.126660
Iter 30000, Train Loss: 0.126711
Iter 32000, Train Loss: 0.126618
Iter 32000, Train Loss: 0.126673
Iter 34000, Train Loss: 0.126593
Iter 34000, Train Loss: 0.126610
Iter 36000, Train Loss: 0.126604
Iter 36000, Train Loss: 0.126623
Forward Time : 176.64632201194763s
Loss Time:  15.128197193145752 Backward Time:  332.01108598709106 Opti Time:  24.74793028831482
Update Time 598.2737131118774
Load Time 73.2135055065155
------------------------------------------
Train Time:  1229.7197823524475
Forward Time : 167.4445219039917s
Loss Time:  14.687119007110596 Backward Time:  329.9898188114166 Opti Time:  25.323557138442993
Update Time 606.971289396286
Load Time 74.66985893249512
------------------------------------------
Train Time:  1228.8529734611511
Epoch: 8/10, train loss: 0.126607, test loss: 0.136086, test acc: 85.22%, test f1: 0.86. epoch time: 1576.9498147964478
Self.net.train:  3.337860107421875e-06
Epoch: 8/10, train loss: 0.126575, test loss: 0.135765, test acc: 85.28%, test f1: 0.86. epoch time: 1577.154863834381
Self.net.train:  2.86102294921875e-06
Iter 2000, Train Loss: 0.126267
Iter 2000, Train Loss: 0.126197
Iter 4000, Train Loss: 0.126774
Iter 4000, Train Loss: 0.125970
Iter 6000, Train Loss: 0.126607
Iter 6000, Train Loss: 0.126474
Iter 8000, Train Loss: 0.126405
Iter 8000, Train Loss: 0.126476
Iter 10000, Train Loss: 0.126119
Iter 10000, Train Loss: 0.126562
Iter 12000, Train Loss: 0.125947
Iter 12000, Train Loss: 0.126301
Iter 14000, Train Loss: 0.125881
Iter 14000, Train Loss: 0.126373
Iter 16000, Train Loss: 0.125922
Iter 16000, Train Loss: 0.126211
Iter 18000, Train Loss: 0.125932
Iter 18000, Train Loss: 0.126259
Iter 20000, Train Loss: 0.125917
Iter 20000, Train Loss: 0.126275
Iter 22000, Train Loss: 0.125852
Iter 22000, Train Loss: 0.126162
Iter 24000, Train Loss: 0.125813
Iter 24000, Train Loss: 0.126114
Iter 26000, Train Loss: 0.125787
Iter 26000, Train Loss: 0.126061
Iter 28000, Train Loss: 0.125870
Iter 28000, Train Loss: 0.125982
Iter 30000, Train Loss: 0.125858
Iter 30000, Train Loss: 0.125910
Iter 32000, Train Loss: 0.125821
Iter 32000, Train Loss: 0.125874
Iter 34000, Train Loss: 0.125797
Iter 34000, Train Loss: 0.125821
Iter 36000, Train Loss: 0.125813
Iter 36000, Train Loss: 0.125843
Forward Time : 175.3816888332367s
Loss Time:  14.887264728546143 Backward Time:  328.4097604751587 Opti Time:  24.520958185195923
Update Time 614.2819218635559
Load Time 73.84400510787964
------------------------------------------
Train Time:  1240.8069005012512
Forward Time : 167.51693153381348s
Loss Time:  14.760875701904297 Backward Time:  325.84975719451904 Opti Time:  25.440540075302124
Update Time 621.9992220401764
Load Time 74.52925658226013
------------------------------------------
Train Time:  1239.5907227993011
Epoch: 9/10, train loss: 0.125823, test loss: 0.140928, test acc: 85.98%, test f1: 0.86. epoch time: 1586.4263181686401
Self.net.train:  2.384185791015625e-06
Epoch: 9/10, train loss: 0.125786, test loss: 0.140617, test acc: 86.04%, test f1: 0.86. epoch time: 1585.3027889728546
Self.net.train:  3.5762786865234375e-06
Iter 2000, Train Loss: 0.125523
Iter 2000, Train Loss: 0.125431
Iter 4000, Train Loss: 0.125982
Iter 4000, Train Loss: 0.125234
Iter 6000, Train Loss: 0.125797
Iter 6000, Train Loss: 0.125723
Iter 8000, Train Loss: 0.125623
Iter 8000, Train Loss: 0.125670
Iter 10000, Train Loss: 0.125340
Iter 10000, Train Loss: 0.125779
Iter 12000, Train Loss: 0.125159
Iter 12000, Train Loss: 0.125564
Iter 14000, Train Loss: 0.125098
Iter 14000, Train Loss: 0.125644
Iter 16000, Train Loss: 0.125133
Iter 16000, Train Loss: 0.125479
Iter 18000, Train Loss: 0.125139
Iter 18000, Train Loss: 0.125534
Iter 20000, Train Loss: 0.125138
Iter 20000, Train Loss: 0.125549
Iter 22000, Train Loss: 0.125082
Iter 22000, Train Loss: 0.125451
Iter 24000, Train Loss: 0.125046
Iter 24000, Train Loss: 0.125405
Iter 26000, Train Loss: 0.125016
Iter 26000, Train Loss: 0.125349
Iter 28000, Train Loss: 0.125106
Iter 28000, Train Loss: 0.125284
Iter 30000, Train Loss: 0.125096
Iter 30000, Train Loss: 0.125208
Iter 32000, Train Loss: 0.125062
Iter 32000, Train Loss: 0.125184
Iter 34000, Train Loss: 0.125037
Iter 34000, Train Loss: 0.125129
Iter 36000, Train Loss: 0.125055
Iter 36000, Train Loss: 0.125143
Forward Time : 168.5726912021637s
Loss Time:  14.858830690383911 Backward Time:  336.5917329788208 Opti Time:  25.588699102401733
Update Time 604.5359961986542
Load Time 77.47406053543091
------------------------------------------
Train Time:  1237.1765656471252
Forward Time : 160.77613973617554s
Loss Time:  14.429952383041382 Backward Time:  345.2332501411438 Opti Time:  23.687634706497192
Update Time 609.1811940670013
Load Time 74.22890949249268
------------------------------------------
Train Time:  1237.344111442566
Epoch: 10/10, train loss: 0.125033, test loss: 0.143849, test acc: 86.20%, test f1: 0.86. epoch time: 1585.397432088852
Total time: 15820.080s
Epoch: 10/10, train loss: 0.125123, test loss: 0.144161, test acc: 86.13%, test f1: 0.86. epoch time: 1586.1241161823273
Total time: 15820.574s
