Collect Inputs...
Data Directory: ../cloud/combined_result_5class.h5
Batch Size: 128
Learning rate: 0.1
Max Number of Epochs: 10
Initialize Process Group...
Initialize Model...
Initialize Dataloaders...
Training...
Self.net.train:  1.1920928955078125e-06
Iter 2000, Train Loss: 0.254562
Iter 4000, Train Loss: 0.254507
Iter 6000, Train Loss: 0.254489
Iter 8000, Train Loss: 0.254624
Iter 10000, Train Loss: 0.254635
Iter 12000, Train Loss: 0.254681
Iter 14000, Train Loss: 0.249654
Iter 16000, Train Loss: 0.240524
Iter 18000, Train Loss: 0.231885
Iter 20000, Train Loss: 0.224234
Iter 22000, Train Loss: 0.217737
Iter 24000, Train Loss: 0.212078
Iter 26000, Train Loss: 0.207093
Iter 28000, Train Loss: 0.202712
Iter 30000, Train Loss: 0.198939
Iter 32000, Train Loss: 0.195491
Iter 34000, Train Loss: 0.192422
Iter 36000, Train Loss: 0.189611
Forward Time : 227.70666313171387s
Loss Time:  21.4981906414032 Backward Time:  729.3751528263092 Opti Time:  66.63896012306213
Update Time 784.3037965297699
Load Time 85.03039193153381
------------------------------------------
Train Time:  1934.1378259658813
new split [       0  5366448 10583828 15428538 19080704]
overhead time 0.0012018680572509766
Epoch: 1/10, train loss: 0.187884, test loss: 0.141392, test acc: 80.60%, test f1: 0.85. epoch time: 2459.4970700740814
Self.net.train:  1.1920928955078125e-06
15428538 19080704
Iter 2000, Train Loss: 0.139940
Iter 4000, Train Loss: 0.140220
Iter 6000, Train Loss: 0.140405
Iter 8000, Train Loss: 0.140114
Iter 10000, Train Loss: 0.140030
Iter 12000, Train Loss: 0.139960
Iter 14000, Train Loss: 0.139902
Iter 16000, Train Loss: 0.139689
Iter 18000, Train Loss: 0.139457
Iter 20000, Train Loss: 0.139310
Iter 22000, Train Loss: 0.139152
Iter 24000, Train Loss: 0.139050
Iter 26000, Train Loss: 0.138873
Iter 28000, Train Loss: 0.138738
Iter 30000, Train Loss: 0.138530
Iter 32000, Train Loss: 0.138438
Iter 34000, Train Loss: 0.138329
Iter 36000, Train Loss: 0.138212
Forward Time : 234.39274430274963s
Loss Time:  21.875166654586792 Backward Time:  672.1059772968292 Opti Time:  59.666789054870605
Update Time 689.3472883701324
Load Time 82.54774808883667
------------------------------------------
Train Time:  1784.8439590930939
Epoch: 2/10, train loss: 0.138187, test loss: 0.135617, test acc: 81.88%, test f1: 0.85. epoch time: 2308.6455743312836
Self.net.train:  7.152557373046875e-07
15428538 19080704
Iter 2000, Train Loss: 0.134230
Iter 4000, Train Loss: 0.134483
Iter 6000, Train Loss: 0.134846
Iter 8000, Train Loss: 0.134685
Iter 10000, Train Loss: 0.134672
Iter 12000, Train Loss: 0.134760
Iter 14000, Train Loss: 0.134813
Iter 16000, Train Loss: 0.134700
Iter 18000, Train Loss: 0.134579
Iter 20000, Train Loss: 0.134548
Iter 22000, Train Loss: 0.134471
Iter 24000, Train Loss: 0.134454
Iter 26000, Train Loss: 0.134353
Iter 28000, Train Loss: 0.134277
Iter 30000, Train Loss: 0.134130
Iter 32000, Train Loss: 0.134107
Iter 34000, Train Loss: 0.134074
Iter 36000, Train Loss: 0.134020
Forward Time : 233.20848417282104s
Loss Time:  21.783953189849854 Backward Time:  686.910573720932 Opti Time:  58.5754497051239
Update Time 692.0297083854675
Load Time 82.11352682113647
------------------------------------------
Train Time:  1799.9090819358826
Epoch: 3/10, train loss: 0.134033, test loss: 0.133542, test acc: 81.91%, test f1: 0.85. epoch time: 2327.943570137024
Self.net.train:  9.5367431640625e-07
15428538 19080704
Iter 2000, Train Loss: 0.131511
Iter 4000, Train Loss: 0.131835
Iter 6000, Train Loss: 0.132192
Iter 8000, Train Loss: 0.132017
Iter 10000, Train Loss: 0.132005
Iter 12000, Train Loss: 0.132091
Iter 14000, Train Loss: 0.132147
Iter 16000, Train Loss: 0.132060
Iter 18000, Train Loss: 0.131957
Iter 20000, Train Loss: 0.131941
Iter 22000, Train Loss: 0.131881
Iter 24000, Train Loss: 0.131891
Iter 26000, Train Loss: 0.131813
Iter 28000, Train Loss: 0.131763
Iter 30000, Train Loss: 0.131647
Iter 32000, Train Loss: 0.131637
Iter 34000, Train Loss: 0.131614
Iter 36000, Train Loss: 0.131583
Forward Time : 231.4269278049469s
Loss Time:  21.326492071151733 Backward Time:  684.6268215179443 Opti Time:  59.93636918067932
Update Time 692.8546271324158
Load Time 81.19387197494507
------------------------------------------
Train Time:  1796.5439112186432
Epoch: 4/10, train loss: 0.131606, test loss: 0.133768, test acc: 82.49%, test f1: 0.85. epoch time: 2319.0937674045563
Self.net.train:  9.5367431640625e-07
15428538 19080704
Iter 2000, Train Loss: 0.129542
Iter 4000, Train Loss: 0.129901
Iter 6000, Train Loss: 0.130284
Iter 8000, Train Loss: 0.130135
Iter 10000, Train Loss: 0.130113
Iter 12000, Train Loss: 0.130214
Iter 14000, Train Loss: 0.130294
Iter 16000, Train Loss: 0.130212
Iter 18000, Train Loss: 0.130125
Iter 20000, Train Loss: 0.130121
Iter 22000, Train Loss: 0.130080
Iter 24000, Train Loss: 0.130116
Iter 26000, Train Loss: 0.130045
Iter 28000, Train Loss: 0.130005
Iter 30000, Train Loss: 0.129892
Iter 32000, Train Loss: 0.129900
Iter 34000, Train Loss: 0.129897
Iter 36000, Train Loss: 0.129867
Forward Time : 227.58728981018066s
Loss Time:  20.818435430526733 Backward Time:  684.108446598053 Opti Time:  59.45238924026489
Update Time 688.2518756389618
Load Time 80.2580177783966
------------------------------------------
Train Time:  1784.9481909275055
Epoch: 5/10, train loss: 0.129890, test loss: 0.135861, test acc: 83.25%, test f1: 0.85. epoch time: 2306.449682712555
Self.net.train:  7.152557373046875e-07
15428538 19080704
Iter 2000, Train Loss: 0.127898
Iter 4000, Train Loss: 0.128329
Iter 6000, Train Loss: 0.128675
Iter 8000, Train Loss: 0.128620
Iter 10000, Train Loss: 0.128613
Iter 12000, Train Loss: 0.128729
Iter 14000, Train Loss: 0.128785
Iter 16000, Train Loss: 0.128739
Iter 18000, Train Loss: 0.128669
Iter 20000, Train Loss: 0.128665
Iter 22000, Train Loss: 0.128634
Iter 24000, Train Loss: 0.128658
Iter 26000, Train Loss: 0.128601
Iter 28000, Train Loss: 0.128564
Iter 30000, Train Loss: 0.128455
Iter 32000, Train Loss: 0.128464
Iter 34000, Train Loss: 0.128474
Iter 36000, Train Loss: 0.128453
Forward Time : 226.18393731117249s
Loss Time:  20.51072669029236 Backward Time:  683.82599568367 Opti Time:  59.498847007751465
Update Time 684.8087201118469
Load Time 78.80579733848572
------------------------------------------
Train Time:  1778.2061975002289
Epoch: 6/10, train loss: 0.128481, test loss: 0.139700, test acc: 84.30%, test f1: 0.86. epoch time: 2303.195138692856
Self.net.train:  9.5367431640625e-07
15428538 19080704
Iter 2000, Train Loss: 0.126606
Iter 4000, Train Loss: 0.127074
Iter 6000, Train Loss: 0.127450
Iter 8000, Train Loss: 0.127362
Iter 10000, Train Loss: 0.127324
Iter 12000, Train Loss: 0.127434
Iter 14000, Train Loss: 0.127509
Iter 16000, Train Loss: 0.127470
Iter 18000, Train Loss: 0.127423
Iter 20000, Train Loss: 0.127433
Iter 22000, Train Loss: 0.127389
Iter 24000, Train Loss: 0.127439
Iter 26000, Train Loss: 0.127376
Iter 28000, Train Loss: 0.127354
Iter 30000, Train Loss: 0.127262
Iter 32000, Train Loss: 0.127264
Iter 34000, Train Loss: 0.127279
Iter 36000, Train Loss: 0.127262
Forward Time : 227.59796285629272s
Loss Time:  20.809287786483765 Backward Time:  684.6660084724426 Opti Time:  57.17965006828308
Update Time 695.4147794246674
Load Time 79.7127628326416
------------------------------------------
Train Time:  1788.9677729606628
Epoch: 7/10, train loss: 0.127296, test loss: 0.143936, test acc: 85.03%, test f1: 0.86. epoch time: 2309.5409734249115
Self.net.train:  1.1920928955078125e-06
15428538 19080704
Iter 2000, Train Loss: 0.125536
Iter 4000, Train Loss: 0.126074
Iter 6000, Train Loss: 0.126376
Iter 8000, Train Loss: 0.126304
Iter 10000, Train Loss: 0.126300
Iter 12000, Train Loss: 0.126426
Iter 14000, Train Loss: 0.126517
Iter 16000, Train Loss: 0.126478
Iter 18000, Train Loss: 0.126426
Iter 20000, Train Loss: 0.126432
Iter 22000, Train Loss: 0.126409
Iter 24000, Train Loss: 0.126460
Iter 26000, Train Loss: 0.126414
Iter 28000, Train Loss: 0.126394
Iter 30000, Train Loss: 0.126297
Iter 32000, Train Loss: 0.126310
Iter 34000, Train Loss: 0.126337
Iter 36000, Train Loss: 0.126317
Forward Time : 227.21009516716003s
Loss Time:  20.777098655700684 Backward Time:  688.8446345329285 Opti Time:  57.12670135498047
Update Time 693.6828427314758
Load Time 79.74178743362427
------------------------------------------
Train Time:  1791.953551530838
Epoch: 8/10, train loss: 0.126350, test loss: 0.146510, test acc: 86.01%, test f1: 0.86. epoch time: 2311.8255517482758
Self.net.train:  7.152557373046875e-07
15428538 19080704
Iter 2000, Train Loss: 0.124569
Iter 4000, Train Loss: 0.125151
Iter 6000, Train Loss: 0.125472
Iter 8000, Train Loss: 0.125405
Iter 10000, Train Loss: 0.125390
Iter 12000, Train Loss: 0.125508
Iter 14000, Train Loss: 0.125591
Iter 16000, Train Loss: 0.125563
Iter 18000, Train Loss: 0.125520
Iter 20000, Train Loss: 0.125545
Iter 22000, Train Loss: 0.125516
Iter 24000, Train Loss: 0.125562
Iter 26000, Train Loss: 0.125518
Iter 28000, Train Loss: 0.125517
Iter 30000, Train Loss: 0.125430
Iter 32000, Train Loss: 0.125441
Iter 34000, Train Loss: 0.125485
Iter 36000, Train Loss: 0.125468
Forward Time : 228.99690771102905s
Loss Time:  20.95429491996765 Backward Time:  685.5570850372314 Opti Time:  57.20227885246277
Update Time 691.338760137558
Load Time 80.16283440589905
------------------------------------------
Train Time:  1789.2006027698517
Epoch: 9/10, train loss: 0.125496, test loss: 0.148947, test acc: 86.29%, test f1: 0.86. epoch time: 2309.416044473648
Self.net.train:  9.5367431640625e-07
15428538 19080704
Iter 2000, Train Loss: 0.123752
Iter 4000, Train Loss: 0.124360
Iter 6000, Train Loss: 0.124656
Iter 8000, Train Loss: 0.124587
Iter 10000, Train Loss: 0.124558
Iter 12000, Train Loss: 0.124686
Iter 14000, Train Loss: 0.124807
Iter 16000, Train Loss: 0.124791
Iter 18000, Train Loss: 0.124737
Iter 20000, Train Loss: 0.124767
Iter 22000, Train Loss: 0.124742
Iter 24000, Train Loss: 0.124798
Iter 26000, Train Loss: 0.124766
Iter 28000, Train Loss: 0.124751
Iter 30000, Train Loss: 0.124661
Iter 32000, Train Loss: 0.124681
Iter 34000, Train Loss: 0.124726
Iter 36000, Train Loss: 0.124709
Forward Time : 225.33280038833618s
Loss Time:  20.47782874107361 Backward Time:  691.3766646385193 Opti Time:  57.72530126571655
Update Time 690.8778698444366
Load Time 79.04209876060486
------------------------------------------
Train Time:  1789.7644109725952
Epoch: 10/10, train loss: 0.124735, test loss: 0.152888, test acc: 86.81%, test f1: 0.86. epoch time: 2310.1999685764313
Total time: 23274.821s
